#
# A fatal error has been detected by the Java Runtime Environment:
#
#  EXCEPTION_ACCESS_VIOLATION (0xc0000005) at pc=0x00007ffd174a6407, pid=2840, tid=21460
#
# JRE version: OpenJDK Runtime Environment (20.0.1+9) (build 20.0.1+9-29)
# Java VM: OpenJDK 64-Bit Server VM (20.0.1+9-29, mixed mode, sharing, tiered, compressed oops, compressed class ptrs, g1 gc, windows-amd64)
# Problematic frame:
# C  [glass.dll+0x26407]
#
# No core dump will be written. Minidumps are not enabled by default on client versions of Windows
#
# If you would like to submit a bug report, please visit:
#   https://bugreport.java.com/bugreport/crash.jsp
#

---------------  S U M M A R Y ------------

Command Line: --module-path=lib\javafx-sdk-20.0.1\lib --add-modules=javafx.controls,javafx.fxml -javaagent:C:\Program Files\JetBrains\IntelliJ IDEA Community Edition 2022.1.2\lib\idea_rt.jar=50267:C:\Program Files\JetBrains\IntelliJ IDEA Community Edition 2022.1.2\bin -Dfile.encoding=UTF-8 viewPackage.Foodify

Host: AMD Ryzen 9 5900X 12-Core Processor            , 24 cores, 31G,  Windows 10 , 64 bit Build 19041 (10.0.19041.2913)
Time: Tue May 16 00:15:31 2023 Paris, Madrid (heure duild 19041 (10.0.19041.2913) elapsed time: 4.292741 seconds (0d 0h 0m 4s)

---------------  T H R E A D  ---------------

Current thread (0x0000029cdecf45c0):  VMThread "VM Thread" [stack: 0x000000d11c000000,0x000000d11c100000] [id=21460]

Stack: [0x000000d11c000000,0x000000d11c100000],  sp=0x000000d11c0fedb0,  free space=1019k
Native frames: (J=compiled Java code, j=interpreted, Vv=VM code, C=native code)
C  [glass.dll+0x26407]


siginfo: EXCEPTION_ACCESS_VIOLATION (0xc0000005), reading address 0x0000000000000000


Registers:
RAX=0x0000000000000000, RBX=0x0000029cfc072ea8, RCX=0x0000029cdecf45c0, RDX=0x000000d11c0fedb0
RSP=0x000000d11c0fedb0, RBP=0x0000029c8d2fb3a8, RSI=0x0000029c8d2fb380, RDI=0x00005fad0d7cd905
R8 =0x0000000000010002, R9 =0x00005fad0d7cd905, R10=0x0000000000008000, R11=0x000000d11c0fed40
R12=0x00007ffd174a3d40, R13=0x00007ffd08a7ea90, R14=0x000000d11c0feea8, R15=0x0000029c8d2fb380
RIP=0x00007ffd174a6407, EFLAGS=0x0000000000010202


Register to memory mapping:

RIP=0x00007ffd174a6407 glass.dll
RAX=0x0 is NULL
RBX=0x0000029cfc072ea8 is a global jni handle
RCX=0x0000029cdecf45c0 points into unknown readable memory: 0x00007ffd088a7080 | 80 70 8a 08 fd 7f 00 00
RDX=0x000000d11c0fedb0 points into unknown readable memory: 0x0000000000000000 | 00 00 00 00 00 00 00 00
RSP=0x000000d11c0fedb0 points into unknown readable memory: 0x0000000000000000 | 00 00 00 00 00 00 00 00
RBP=0x0000029c8d2fb3a8 points into unknown readable memory: 0x00005fad0d7cd905 | 05 d9 7c 0d ad 5f 00 00
RSI=0x0000029c8d2fb380 points into unknown readable memory: 0x000fa00fe43bd205 | 05 d2 3b e4 0f a0 0f 00
RDI=0x00005fad0d7cd905 is an unknown value
R8 =0x0000000000010002 is an unknown value
R9 =0x00005fad0d7cd905 is an unknown value
R10=0x0000000000008000 is an unknown value
R11=0x000000d11c0fed40 points into unknown readable memory: 0x0000029c8d2fb380 | 80 b3 2f 8d 9c 02 00 00
R12=0x00007ffd174a3d40 glass.dll
R13=0x00007ffd08a7ea90 jvm.dll
R14=0x000000d11c0feea8 points into unknown readable memory: 0x000000d11c0fee90 | 90 ee 0f 1c d1 00 00 00
R15=0x0000029c8d2fb380 points into unknown readable memory: 0x000fa00fe43bd205 | 05 d2 3b e4 0f a0 0f 00


Top of Stack: (sp=0x000000d11c0fedb0)
0x000000d11c0fedb0:   0000000000000000 0000029c8d2fb380
0x000000d11c0fedc0:   00007ffd08a7ea90 00007ffd174a3d40
0x000000d11c0fedd0:   0000029c8d2fb388 00007ffd312042d6
0x000000d11c0fede0:   00005fad0d7cd905 0000029c00000000
0x000000d11c0fedf0:   0000029c8d2fb3a8 0000029c8d2fb380
0x000000d11c0fee00:   fffffffffffffffe 0000000000000000
0x000000d11c0fee10:   0000000000000001 00007ffd17480000
0x000000d11c0fee20:   000000d11c0fee98 00007ffd312041fb
0x000000d11c0fee30:   0000000000000000 000000d11c0feea8
0x000000d11c0fee40:   000000d11c0ff170 00007ffd312e0e40
0x000000d11c0fee50:   0000000000000001 00007ffd312041b4
0x000000d11c0fee60:   0000000000000000 0000000000000001
0x000000d11c0fee70:   0000000000000000 000000d11c0fee98
0x000000d11c0fee80:   0000000000000001 00007ffd174a3bcd
0x000000d11c0fee90:   00007ffd174b9f88 00007ffd00000002
0x000000d11c0feea0:   0000000000000002 000000d11c0fee90
0x000000d11c0feeb0:   0000000000000000 00007ffd33649993
0x000000d11c0feec0:   0000000000000000 00007ffd174a3cf2
0x000000d11c0feed0:   0000000000000001 0000000000000000
0x000000d11c0feee0:   0000000000000000 0000000000000001
0x000000d11c0feef0:   0000000000000000 0000000000000000
0x000000d11c0fef00:   0000000000000001 00006eef10dd0a78
0x000000d11c0fef10:   00007ffd17480000 000000007ffe0384
0x000000d11c0fef20:   0000000000000000 00007ffd33649a1d
0x000000d11c0fef30:   00007ffd17480000 0000000000000000
0x000000d11c0fef40:   0000000000000001 000000007ffe0385
0x000000d11c0fef50:   0000000002360fb8 000000d11c0ff170
0x000000d11c0fef60:   00006eef00000000 0000000000000014
0x000000d11c0fef70:   0000000000000000 00007ffd174a3d40
0x000000d11c0fef80:   00000000000003d8 0000029c8d21eb80
0x000000d11c0fef90:   0000029cfc063100 00007ffd3368dcec
0x000000d11c0fefa0:   0000029c8d21f740 00007ffd17480000 

Instructions: (pc=0x00007ffd174a6407)
0x00007ffd174a6307:   8b 4d 58 e8 7d cf ff ff 48 8b 4d 60 e8 74 cf ff
0x00007ffd174a6317:   ff 48 8b 95 80 00 00 00 48 8b 8d 18 01 00 00 e8
0x00007ffd174a6327:   66 c4 ff ff 33 d2 33 c9 e8 bc e1 ff ff 90 48 89
0x00007ffd174a6337:   54 24 10 55 48 83 ec 20 48 8b ea 48 b8 00 00 00
0x00007ffd174a6347:   00 00 00 00 00 48 83 c4 20 5d c3 cc 40 55 48 8b
0x00007ffd174a6357:   ea 48 8b 01 33 c9 81 38 05 00 00 c0 0f 94 c1 8b
0x00007ffd174a6367:   c1 5d c3 cc 40 55 48 83 ec 20 48 8b ea 8a 4d 40
0x00007ffd174a6377:   48 83 c4 20 5d e9 63 d3 ff ff cc 40 55 48 83 ec
0x00007ffd174a6387:   20 48 8b ea 8a 4d 20 e8 51 d3 ff ff 90 48 83 c4
0x00007ffd174a6397:   20 5d c3 cc 40 55 48 83 ec 20 48 8b ea 48 83 c4
0x00007ffd174a63a7:   20 5d e9 b2 d1 ff ff cc 40 55 48 83 ec 30 48 8b
0x00007ffd174a63b7:   ea 48 8b 01 8b 10 48 89 4c 24 28 89 54 24 20 4c
0x00007ffd174a63c7:   8d 0d 53 d6 ff ff 4c 8b 45 70 8b 55 68 48 8b 4d
0x00007ffd174a63d7:   60 e8 f3 d0 ff ff 90 48 83 c4 30 5d c3 cc cc cc
0x00007ffd174a63e7:   cc cc cc cc cc cc cc cc cc 40 53 48 83 ec 20 48
0x00007ffd174a63f7:   8b 1d 8b 35 01 00 48 85 db 74 16 e8 79 8b ff ff
0x00007ffd174a6407:   4c 8b 00 48 8b d3 48 8b c8 41 ff 90 b0 00 00 00
0x00007ffd174a6417:   90 48 83 c4 20 5b c3 cc cc 40 53 48 83 ec 20 48
0x00007ffd174a6427:   8b 1d fb 36 01 00 48 85 db 74 57 b8 ff ff ff ff
0x00007ffd174a6437:   f0 0f c1 43 10 83 f8 01 75 3d 48 85 db 74 38 48
0x00007ffd174a6447:   8b 0b 48 85 c9 74 0d ff 15 54 0e 00 00 48 c7 03
0x00007ffd174a6457:   00 00 00 00 48 8b 4b 08 48 85 c9 74 0d e8 23 ce
0x00007ffd174a6467:   ff ff 48 c7 43 08 00 00 00 00 ba 18 00 00 00 48
0x00007ffd174a6477:   8b cb e8 0e ce ff ff 48 c7 05 9f 36 01 00 00 00
0x00007ffd174a6487:   00 00 48 83 c4 20 5b c3 cc 40 53 48 83 ec 20 48
0x00007ffd174a6497:   8b 1d 6b 36 01 00 48 85 db 74 57 b8 ff ff ff ff
0x00007ffd174a64a7:   f0 0f c1 43 10 83 f8 01 75 3d 48 85 db 74 38 48
0x00007ffd174a64b7:   8b 0b 48 85 c9 74 0d ff 15 e4 0d 00 00 48 c7 03
0x00007ffd174a64c7:   00 00 00 00 48 8b 4b 08 48 85 c9 74 0d e8 b3 cd
0x00007ffd174a64d7:   ff ff 48 c7 43 08 00 00 00 00 ba 18 00 00 00 48
0x00007ffd174a64e7:   8b cb e8 9e cd ff ff 48 c7 05 0f 36 01 00 00 00
0x00007ffd174a64f7:   00 00 48 83 c4 20 5b c3 cc 40 53 48 83 ec 20 48 


Stack slot to memory mapping:
stack at sp + 0 slots: 0x0 is NULL
stack at sp + 1 slots: 0x0000029c8d2fb380 points into unknown readable memory: 0x000fa00fe43bd205 | 05 d2 3b e4 0f a0 0f 00
stack at sp + 2 slots: 0x00007ffd08a7ea90 jvm.dll
stack at sp + 3 slots: 0x00007ffd174a3d40 glass.dll
stack at sp + 4 slots: 0x0000029c8d2fb388 points into unknown readable memory: 0x00005fad0d7cd905 | 05 d9 7c 0d ad 5f 00 00
stack at sp + 5 slots: 0x00007ffd312042d6 ucrtbase.dll
stack at sp + 6 slots: 0x00005fad0d7cd905 is an unknown value
stack at sp + 7 slots: 0x0000029c00000000 is an unknown value

VM_Operation (0x000000d11d8fb6f0): Exit, mode: safepoint, requested by thread 0x0000029c8cb6c630


---------------  P R O C E S S  ---------------

Threads class SMR info:
_java_thread_list=0x0000029c8cdf10f0, length=22, elements={
0x0000029cdecd1a60, 0x0000029cfc088e70, 0x0000029cfc08de20, 0x0000029cfc090f90,
0x0000029cfc092ae0, 0x0000029cfc095d70, 0x0000029cfc098c90, 0x0000029cfc0a3840,
0x0000029cfc09ed90, 0x0000029cfd2f35a0, 0x0000029cfd34da50, 0x0000029cfd400200,
0x0000029cfd35ca20, 0x0000029cfd35cf70, 0x0000029c8d28f360, 0x0000029c8cf406f0,
0x0000029c8cb6c630, 0x0000029c8d490a90, 0x0000029c8cec0d10, 0x0000029c8d651ea0,
0x0000029c8d64f970, 0x0000029c8d650960
}

Java Threads: ( => current thread )
  0x0000029cdecd1a60 JavaThread "main" [_thread_blocked, id=13508, stack(0x000000d11ba00000,0x000000d11bb00000)]
  0x0000029cfc088e70 JavaThread "Reference Handler" daemon [_thread_blocked, id=21348, stack(0x000000d11c100000,0x000000d11c200000)]
  0x0000029cfc08de20 JavaThread "Finalizer" daemon [_thread_blocked, id=20024, stack(0x000000d11c200000,0x000000d11c300000)]
  0x0000029cfc090f90 JavaThread "Signal Dispatcher" daemon [_thread_blocked, id=13480, stack(0x000000d11c300000,0x000000d11c400000)]
  0x0000029cfc092ae0 JavaThread "Attach Listener" daemon [_thread_blocked, id=9732, stack(0x000000d11c400000,0x000000d11c500000)]
  0x0000029cfc095d70 JavaThread "Service Thread" daemon [_thread_blocked, id=21308, stack(0x000000d11c500000,0x000000d11c600000)]
  0x0000029cfc098c90 JavaThread "Monitor Deflation Thread" daemon [_thread_blocked, id=19644, stack(0x000000d11c600000,0x000000d11c700000)]
  0x0000029cfc0a3840 JavaThread "C2 CompilerThread0" daemon [_thread_blocked, id=8412, stack(0x000000d11c700000,0x000000d11c800000)]
  0x0000029cfc09ed90 JavaThread "C1 CompilerThread0" daemon [_thread_blocked, id=16152, stack(0x000000d11c800000,0x000000d11c900000)]
  0x0000029cfd2f35a0 JavaThread "Common-Cleaner" daemon [_thread_blocked, id=20820, stack(0x000000d11c900000,0x000000d11ca00000)]
  0x0000029cfd34da50 JavaThread "C1 CompilerThread1" daemon [_thread_blocked, id=18648, stack(0x000000d11ca00000,0x000000d11cb00000)]
  0x0000029cfd400200 JavaThread "C1 CompilerThread2" daemon [_thread_blocked, id=10872, stack(0x000000d11cb00000,0x000000d11cc00000)]
  0x0000029cfd35ca20 JavaThread "Monitor Ctrl-Break" daemon [_thread_in_native, id=4252, stack(0x000000d11d200000,0x000000d11d300000)]
  0x0000029cfd35cf70 JavaThread "Notification Thread" daemon [_thread_blocked, id=4588, stack(0x000000d11d300000,0x000000d11d400000)]
  0x0000029c8d28f360 JavaThread "QuantumRenderer-0" daemon [_thread_blocked, id=15820, stack(0x000000d11d500000,0x000000d11d600000)]
  0x0000029c8cf406f0 JavaThread "InvokeLaterDispatcher" daemon [_thread_blocked, id=18488, stack(0x000000d11d700000,0x000000d11d800000)]
  0x0000029c8cb6c630 JavaThread "JavaFX Application Thread" [_thread_blocked, id=19044, stack(0x000000d11d800000,0x000000d11d900000)]
  0x0000029c8d490a90 JavaThread "JavaFX-Launcher" [_thread_blocked, id=4220, stack(0x000000d11db00000,0x000000d11dc00000)]
  0x0000029c8cec0d10 JavaThread "Thread-2" daemon [_thread_in_native, id=20340, stack(0x000000d11da00000,0x000000d11db00000)]
  0x0000029c8d651ea0 JavaThread "mysql-cj-abandoned-connection-cleanup" daemon [_thread_blocked, id=13148, stack(0x000000d11e600000,0x000000d11e700000)]
  0x0000029c8d64f970 JavaThread "Prism Font Disposer" daemon [_thread_blocked, id=18208, stack(0x000000d11eb00000,0x000000d11ec00000)]
  0x0000029c8d650960 JavaThread "Cleaner-0" daemon [_thread_blocked, id=12168, stack(0x000000d11ed60000,0x000000d11ee60000)]

Other Threads:
=>0x0000029cdecf45c0 VMThread "VM Thread" [stack: 0x000000d11c000000,0x000000d11c100000] [id=21460]
  0x0000029cdecf56a0 WorkerThread "GC Thread#0" [stack: 0x000000d11bb00000,0x000000d11bc00000] [id=21276]
  0x0000029cdecf4e30 WorkerThread "GC Thread#1" [stack: 0x000000d11d100000,0x000000d11d200000] [id=15844]
  0x0000029cdecf53d0 WorkerThread "GC Thread#2" [stack: 0x000000d11dc00000,0x000000d11dd00000] [id=14872]
  0x0000029c8d6b2840 WorkerThread "GC Thread#3" [stack: 0x000000d11dd00000,0x000000d11de00000] [id=1764]
  0x0000029c8d6b3380 WorkerThread "GC Thread#4" [stack: 0x000000d11de00000,0x000000d11df00000] [id=1380]
  0x0000029c8d6b4a00 WorkerThread "GC Thread#5" [stack: 0x000000d11df00000,0x000000d11e000000] [id=13256]
  0x0000029c8d6b2de0 WorkerThread "GC Thread#6" [stack: 0x000000d11e000000,0x000000d11e100000] [id=15740]
  0x0000029c8d6b4730 WorkerThread "GC Thread#7" [stack: 0x000000d11e100000,0x000000d11e200000] [id=9272]
  0x0000029c8d6b3bf0 WorkerThread "GC Thread#8" [stack: 0x000000d11e200000,0x000000d11e300000] [id=8536]
  0x0000029c8d6b3920 WorkerThread "GC Thread#9" [stack: 0x000000d11e300000,0x000000d11e400000] [id=1140]
  0x0000029c8d6b2b10 WorkerThread "GC Thread#10" [stack: 0x000000d11e400000,0x000000d11e500000] [id=18524]
  0x0000029c8d6b30b0 WorkerThread "GC Thread#11" [stack: 0x000000d11e500000,0x000000d11e600000] [id=5472]
  0x0000029c8d6b4190 WorkerThread "GC Thread#12" [stack: 0x000000d11ea00000,0x000000d11eb00000] [id=18108]
  0x0000029cdc9edf80 ConcurrentGCThread "G1 Main Marker" terminated
  0x0000029cdecf5c40 WorkerThread "G1 Conc#0" [stack: 0x000000d11bd00000,0x000000d11be00000] [id=20488]
  0x0000029cfbfa0160 ConcurrentGCThread "G1 Refine#0" terminated
  0x0000029cfbfa0c00 ConcurrentGCThread "G1 Service" terminated

Threads with active compile tasks:
C2 CompilerThread0     4375 2562       4       java.lang.Class::getPackageName (81 bytes)
C1 CompilerThread0     4375 2567       3       jdk.internal.misc.CDS::isSharingEnabled (4 bytes)
C1 CompilerThread1     4375 2566       3       java.lang.invoke.LambdaProxyClassArchive::loadedByBuiltinLoader (22 bytes)
C1 CompilerThread2     4375 2565       3       java.lang.invoke.LambdaProxyClassArchive::find (63 bytes)

VM state: at safepoint (shutting down)

VM Mutex/Monitor currently owned by a thread:  ([mutex/lock_event])
[0x0000029cdeccc300] Threads_lock - owner thread: 0x0000029cdecf45c0
[0x0000029cdeccc6f0] Heap_lock - owner thread: 0x0000029c8cb6c630

Heap address: 0x0000000601000000, size: 8176 MB, Compressed Oops mode: Zero based, Oop shift amount: 3

CDS archive(s) mapped at: [0x0000000800000000-0x0000000800c60000-0x0000000800c60000), size 12976128, SharedBaseAddress: 0x0000000800000000, ArchiveRelocationMode: 0.
Compressed class space mapped at: 0x0000000801000000-0x0000000841000000, reserved size: 1073741824
Narrow klass base: 0x0000000800000000, Narrow klass shift: 0, Narrow klass range: 0x100000000

GC Precious Log:
 CardTable entry size: 512
 Card Set container configuration: InlinePtr #cards 4 size 8 Array Of Cards #cards 32 size 80 Howl #buckets 8 coarsen threshold 7372 Howl Bitmap #cards 1024 size 144 coarsen threshold 921 Card regions per heap region 1 cards per card region 8192
 CPUs: 24 total, 24 available
 Memory: 32693M
 Large Page Support: Disabled
 NUMA Support: Disabled
 Compressed Oops: Enabled (Zero based)
 Heap Region Size: 4M
 Heap Min Capacity: 8M
 Heap Initial Capacity: 512M
 Heap Max Capacity: 8176M
 Pre-touch: Disabled
 Parallel Workers: 18
 Concurrent Workers: 5
 Concurrent Refinement Workers: 18
 Periodic GC: Disabled

Heap:
 garbage-first heap   total 524288K, used 25157K [0x0000000601000000, 0x0000000800000000)
  region size 4096K, 6 young (24576K), 2 survivors (8192K)
 Metaspace       used 16740K, committed 17024K, reserved 1114112K
  class space    used 2191K, committed 2304K, reserved 1048576K

Heap Regions: E=young(eden), S=young(survivor), O=old, HS=humongous(starts), HC=humongous(continues), CS=collection set, F=free, OA=open archive, CA=closed archive, TAMS=top-at-mark-start, PB=parsable bottom
|   0|0x0000000601000000, 0x0000000601400000, 0x0000000601400000|100%| O|  |TAMS 0x0000000601000000| PB 0x0000000601000000| Untracked 
|   1|0x0000000601400000, 0x0000000601491600, 0x0000000601800000| 14%| O|  |TAMS 0x0000000601400000| PB 0x0000000601400000| Untracked 
|   2|0x0000000601800000, 0x0000000601800000, 0x0000000601c00000|  0%| F|  |TAMS 0x0000000601800000| PB 0x0000000601800000| Untracked 
|   3|0x0000000601c00000, 0x0000000601c00000, 0x0000000602000000|  0%| F|  |TAMS 0x0000000601c00000| PB 0x0000000601c00000| Untracked 
|   4|0x0000000602000000, 0x0000000602000000, 0x0000000602400000|  0%| F|  |TAMS 0x0000000602000000| PB 0x0000000602000000| Untracked 
|   5|0x0000000602400000, 0x0000000602400000, 0x0000000602800000|  0%| F|  |TAMS 0x0000000602400000| PB 0x0000000602400000| Untracked 
|   6|0x0000000602800000, 0x0000000602800000, 0x0000000602c00000|  0%| F|  |TAMS 0x0000000602800000| PB 0x0000000602800000| Untracked 
|   7|0x0000000602c00000, 0x0000000602c00000, 0x0000000603000000|  0%| F|  |TAMS 0x0000000602c00000| PB 0x0000000602c00000| Untracked 
|   8|0x0000000603000000, 0x0000000603000000, 0x0000000603400000|  0%| F|  |TAMS 0x0000000603000000| PB 0x0000000603000000| Untracked 
|   9|0x0000000603400000, 0x0000000603400000, 0x0000000603800000|  0%| F|  |TAMS 0x0000000603400000| PB 0x0000000603400000| Untracked 
|  10|0x0000000603800000, 0x0000000603800000, 0x0000000603c00000|  0%| F|  |TAMS 0x0000000603800000| PB 0x0000000603800000| Untracked 
|  11|0x0000000603c00000, 0x0000000603c00000, 0x0000000604000000|  0%| F|  |TAMS 0x0000000603c00000| PB 0x0000000603c00000| Untracked 
|  12|0x0000000604000000, 0x0000000604000000, 0x0000000604400000|  0%| F|  |TAMS 0x0000000604000000| PB 0x0000000604000000| Untracked 
|  13|0x0000000604400000, 0x0000000604400000, 0x0000000604800000|  0%| F|  |TAMS 0x0000000604400000| PB 0x0000000604400000| Untracked 
|  14|0x0000000604800000, 0x0000000604800000, 0x0000000604c00000|  0%| F|  |TAMS 0x0000000604800000| PB 0x0000000604800000| Untracked 
|  15|0x0000000604c00000, 0x0000000604c00000, 0x0000000605000000|  0%| F|  |TAMS 0x0000000604c00000| PB 0x0000000604c00000| Untracked 
|  16|0x0000000605000000, 0x0000000605000000, 0x0000000605400000|  0%| F|  |TAMS 0x0000000605000000| PB 0x0000000605000000| Untracked 
|  17|0x0000000605400000, 0x0000000605400000, 0x0000000605800000|  0%| F|  |TAMS 0x0000000605400000| PB 0x0000000605400000| Untracked 
|  18|0x0000000605800000, 0x0000000605800000, 0x0000000605c00000|  0%| F|  |TAMS 0x0000000605800000| PB 0x0000000605800000| Untracked 
|  19|0x0000000605c00000, 0x0000000605c00000, 0x0000000606000000|  0%| F|  |TAMS 0x0000000605c00000| PB 0x0000000605c00000| Untracked 
|  20|0x0000000606000000, 0x0000000606000000, 0x0000000606400000|  0%| F|  |TAMS 0x0000000606000000| PB 0x0000000606000000| Untracked 
|  21|0x0000000606400000, 0x0000000606400000, 0x0000000606800000|  0%| F|  |TAMS 0x0000000606400000| PB 0x0000000606400000| Untracked 
|  22|0x0000000606800000, 0x0000000606800000, 0x0000000606c00000|  0%| F|  |TAMS 0x0000000606800000| PB 0x0000000606800000| Untracked 
|  23|0x0000000606c00000, 0x0000000606c00000, 0x0000000607000000|  0%| F|  |TAMS 0x0000000606c00000| PB 0x0000000606c00000| Untracked 
|  24|0x0000000607000000, 0x0000000607000000, 0x0000000607400000|  0%| F|  |TAMS 0x0000000607000000| PB 0x0000000607000000| Untracked 
|  25|0x0000000607400000, 0x0000000607400000, 0x0000000607800000|  0%| F|  |TAMS 0x0000000607400000| PB 0x0000000607400000| Untracked 
|  26|0x0000000607800000, 0x0000000607800000, 0x0000000607c00000|  0%| F|  |TAMS 0x0000000607800000| PB 0x0000000607800000| Untracked 
|  27|0x0000000607c00000, 0x0000000607c00000, 0x0000000608000000|  0%| F|  |TAMS 0x0000000607c00000| PB 0x0000000607c00000| Untracked 
|  28|0x0000000608000000, 0x0000000608000000, 0x0000000608400000|  0%| F|  |TAMS 0x0000000608000000| PB 0x0000000608000000| Untracked 
|  29|0x0000000608400000, 0x0000000608400000, 0x0000000608800000|  0%| F|  |TAMS 0x0000000608400000| PB 0x0000000608400000| Untracked 
|  30|0x0000000608800000, 0x0000000608800000, 0x0000000608c00000|  0%| F|  |TAMS 0x0000000608800000| PB 0x0000000608800000| Untracked 
|  31|0x0000000608c00000, 0x0000000608c00000, 0x0000000609000000|  0%| F|  |TAMS 0x0000000608c00000| PB 0x0000000608c00000| Untracked 
|  32|0x0000000609000000, 0x0000000609000000, 0x0000000609400000|  0%| F|  |TAMS 0x0000000609000000| PB 0x0000000609000000| Untracked 
|  33|0x0000000609400000, 0x0000000609400000, 0x0000000609800000|  0%| F|  |TAMS 0x0000000609400000| PB 0x0000000609400000| Untracked 
|  34|0x0000000609800000, 0x0000000609800000, 0x0000000609c00000|  0%| F|  |TAMS 0x0000000609800000| PB 0x0000000609800000| Untracked 
|  35|0x0000000609c00000, 0x0000000609c00000, 0x000000060a000000|  0%| F|  |TAMS 0x0000000609c00000| PB 0x0000000609c00000| Untracked 
|  36|0x000000060a000000, 0x000000060a000000, 0x000000060a400000|  0%| F|  |TAMS 0x000000060a000000| PB 0x000000060a000000| Untracked 
|  37|0x000000060a400000, 0x000000060a400000, 0x000000060a800000|  0%| F|  |TAMS 0x000000060a400000| PB 0x000000060a400000| Untracked 
|  38|0x000000060a800000, 0x000000060a800000, 0x000000060ac00000|  0%| F|  |TAMS 0x000000060a800000| PB 0x000000060a800000| Untracked 
|  39|0x000000060ac00000, 0x000000060ac00000, 0x000000060b000000|  0%| F|  |TAMS 0x000000060ac00000| PB 0x000000060ac00000| Untracked 
|  40|0x000000060b000000, 0x000000060b000000, 0x000000060b400000|  0%| F|  |TAMS 0x000000060b000000| PB 0x000000060b000000| Untracked 
|  41|0x000000060b400000, 0x000000060b400000, 0x000000060b800000|  0%| F|  |TAMS 0x000000060b400000| PB 0x000000060b400000| Untracked 
|  42|0x000000060b800000, 0x000000060b800000, 0x000000060bc00000|  0%| F|  |TAMS 0x000000060b800000| PB 0x000000060b800000| Untracked 
|  43|0x000000060bc00000, 0x000000060bc00000, 0x000000060c000000|  0%| F|  |TAMS 0x000000060bc00000| PB 0x000000060bc00000| Untracked 
|  44|0x000000060c000000, 0x000000060c000000, 0x000000060c400000|  0%| F|  |TAMS 0x000000060c000000| PB 0x000000060c000000| Untracked 
|  45|0x000000060c400000, 0x000000060c400000, 0x000000060c800000|  0%| F|  |TAMS 0x000000060c400000| PB 0x000000060c400000| Untracked 
|  46|0x000000060c800000, 0x000000060c800000, 0x000000060cc00000|  0%| F|  |TAMS 0x000000060c800000| PB 0x000000060c800000| Untracked 
|  47|0x000000060cc00000, 0x000000060cc00000, 0x000000060d000000|  0%| F|  |TAMS 0x000000060cc00000| PB 0x000000060cc00000| Untracked 
|  48|0x000000060d000000, 0x000000060d000000, 0x000000060d400000|  0%| F|  |TAMS 0x000000060d000000| PB 0x000000060d000000| Untracked 
|  49|0x000000060d400000, 0x000000060d400000, 0x000000060d800000|  0%| F|  |TAMS 0x000000060d400000| PB 0x000000060d400000| Untracked 
|  50|0x000000060d800000, 0x000000060d800000, 0x000000060dc00000|  0%| F|  |TAMS 0x000000060d800000| PB 0x000000060d800000| Untracked 
|  51|0x000000060dc00000, 0x000000060dc00000, 0x000000060e000000|  0%| F|  |TAMS 0x000000060dc00000| PB 0x000000060dc00000| Untracked 
|  52|0x000000060e000000, 0x000000060e000000, 0x000000060e400000|  0%| F|  |TAMS 0x000000060e000000| PB 0x000000060e000000| Untracked 
|  53|0x000000060e400000, 0x000000060e400000, 0x000000060e800000|  0%| F|  |TAMS 0x000000060e400000| PB 0x000000060e400000| Untracked 
|  54|0x000000060e800000, 0x000000060e800000, 0x000000060ec00000|  0%| F|  |TAMS 0x000000060e800000| PB 0x000000060e800000| Untracked 
|  55|0x000000060ec00000, 0x000000060ec00000, 0x000000060f000000|  0%| F|  |TAMS 0x000000060ec00000| PB 0x000000060ec00000| Untracked 
|  56|0x000000060f000000, 0x000000060f000000, 0x000000060f400000|  0%| F|  |TAMS 0x000000060f000000| PB 0x000000060f000000| Untracked 
|  57|0x000000060f400000, 0x000000060f400000, 0x000000060f800000|  0%| F|  |TAMS 0x000000060f400000| PB 0x000000060f400000| Untracked 
|  58|0x000000060f800000, 0x000000060f800000, 0x000000060fc00000|  0%| F|  |TAMS 0x000000060f800000| PB 0x000000060f800000| Untracked 
|  59|0x000000060fc00000, 0x000000060fc00000, 0x0000000610000000|  0%| F|  |TAMS 0x000000060fc00000| PB 0x000000060fc00000| Untracked 
|  60|0x0000000610000000, 0x0000000610000000, 0x0000000610400000|  0%| F|  |TAMS 0x0000000610000000| PB 0x0000000610000000| Untracked 
|  61|0x0000000610400000, 0x0000000610400000, 0x0000000610800000|  0%| F|  |TAMS 0x0000000610400000| PB 0x0000000610400000| Untracked 
|  62|0x0000000610800000, 0x0000000610800000, 0x0000000610c00000|  0%| F|  |TAMS 0x0000000610800000| PB 0x0000000610800000| Untracked 
|  63|0x0000000610c00000, 0x0000000610c00000, 0x0000000611000000|  0%| F|  |TAMS 0x0000000610c00000| PB 0x0000000610c00000| Untracked 
|  64|0x0000000611000000, 0x0000000611000000, 0x0000000611400000|  0%| F|  |TAMS 0x0000000611000000| PB 0x0000000611000000| Untracked 
|  65|0x0000000611400000, 0x0000000611400000, 0x0000000611800000|  0%| F|  |TAMS 0x0000000611400000| PB 0x0000000611400000| Untracked 
|  66|0x0000000611800000, 0x0000000611800000, 0x0000000611c00000|  0%| F|  |TAMS 0x0000000611800000| PB 0x0000000611800000| Untracked 
|  67|0x0000000611c00000, 0x0000000611c00000, 0x0000000612000000|  0%| F|  |TAMS 0x0000000611c00000| PB 0x0000000611c00000| Untracked 
|  68|0x0000000612000000, 0x0000000612000000, 0x0000000612400000|  0%| F|  |TAMS 0x0000000612000000| PB 0x0000000612000000| Untracked 
|  69|0x0000000612400000, 0x0000000612400000, 0x0000000612800000|  0%| F|  |TAMS 0x0000000612400000| PB 0x0000000612400000| Untracked 
|  70|0x0000000612800000, 0x0000000612800000, 0x0000000612c00000|  0%| F|  |TAMS 0x0000000612800000| PB 0x0000000612800000| Untracked 
|  71|0x0000000612c00000, 0x0000000612c00000, 0x0000000613000000|  0%| F|  |TAMS 0x0000000612c00000| PB 0x0000000612c00000| Untracked 
|  72|0x0000000613000000, 0x0000000613000000, 0x0000000613400000|  0%| F|  |TAMS 0x0000000613000000| PB 0x0000000613000000| Untracked 
|  73|0x0000000613400000, 0x0000000613400000, 0x0000000613800000|  0%| F|  |TAMS 0x0000000613400000| PB 0x0000000613400000| Untracked 
|  74|0x0000000613800000, 0x0000000613800000, 0x0000000613c00000|  0%| F|  |TAMS 0x0000000613800000| PB 0x0000000613800000| Untracked 
|  75|0x0000000613c00000, 0x0000000613c00000, 0x0000000614000000|  0%| F|  |TAMS 0x0000000613c00000| PB 0x0000000613c00000| Untracked 
|  76|0x0000000614000000, 0x0000000614000000, 0x0000000614400000|  0%| F|  |TAMS 0x0000000614000000| PB 0x0000000614000000| Untracked 
|  77|0x0000000614400000, 0x0000000614400000, 0x0000000614800000|  0%| F|  |TAMS 0x0000000614400000| PB 0x0000000614400000| Untracked 
|  78|0x0000000614800000, 0x0000000614800000, 0x0000000614c00000|  0%| F|  |TAMS 0x0000000614800000| PB 0x0000000614800000| Untracked 
|  79|0x0000000614c00000, 0x0000000614c00000, 0x0000000615000000|  0%| F|  |TAMS 0x0000000614c00000| PB 0x0000000614c00000| Untracked 
|  80|0x0000000615000000, 0x0000000615000000, 0x0000000615400000|  0%| F|  |TAMS 0x0000000615000000| PB 0x0000000615000000| Untracked 
|  81|0x0000000615400000, 0x0000000615400000, 0x0000000615800000|  0%| F|  |TAMS 0x0000000615400000| PB 0x0000000615400000| Untracked 
|  82|0x0000000615800000, 0x0000000615800000, 0x0000000615c00000|  0%| F|  |TAMS 0x0000000615800000| PB 0x0000000615800000| Untracked 
|  83|0x0000000615c00000, 0x0000000615c00000, 0x0000000616000000|  0%| F|  |TAMS 0x0000000615c00000| PB 0x0000000615c00000| Untracked 
|  84|0x0000000616000000, 0x0000000616000000, 0x0000000616400000|  0%| F|  |TAMS 0x0000000616000000| PB 0x0000000616000000| Untracked 
|  85|0x0000000616400000, 0x0000000616400000, 0x0000000616800000|  0%| F|  |TAMS 0x0000000616400000| PB 0x0000000616400000| Untracked 
|  86|0x0000000616800000, 0x0000000616800000, 0x0000000616c00000|  0%| F|  |TAMS 0x0000000616800000| PB 0x0000000616800000| Untracked 
|  87|0x0000000616c00000, 0x0000000616c00000, 0x0000000617000000|  0%| F|  |TAMS 0x0000000616c00000| PB 0x0000000616c00000| Untracked 
|  88|0x0000000617000000, 0x0000000617000000, 0x0000000617400000|  0%| F|  |TAMS 0x0000000617000000| PB 0x0000000617000000| Untracked 
|  89|0x0000000617400000, 0x0000000617400000, 0x0000000617800000|  0%| F|  |TAMS 0x0000000617400000| PB 0x0000000617400000| Untracked 
|  90|0x0000000617800000, 0x0000000617800000, 0x0000000617c00000|  0%| F|  |TAMS 0x0000000617800000| PB 0x0000000617800000| Untracked 
|  91|0x0000000617c00000, 0x0000000617c00000, 0x0000000618000000|  0%| F|  |TAMS 0x0000000617c00000| PB 0x0000000617c00000| Untracked 
|  92|0x0000000618000000, 0x0000000618000000, 0x0000000618400000|  0%| F|  |TAMS 0x0000000618000000| PB 0x0000000618000000| Untracked 
|  93|0x0000000618400000, 0x0000000618400000, 0x0000000618800000|  0%| F|  |TAMS 0x0000000618400000| PB 0x0000000618400000| Untracked 
|  94|0x0000000618800000, 0x0000000618800000, 0x0000000618c00000|  0%| F|  |TAMS 0x0000000618800000| PB 0x0000000618800000| Untracked 
|  95|0x0000000618c00000, 0x0000000618c00000, 0x0000000619000000|  0%| F|  |TAMS 0x0000000618c00000| PB 0x0000000618c00000| Untracked 
|  96|0x0000000619000000, 0x0000000619000000, 0x0000000619400000|  0%| F|  |TAMS 0x0000000619000000| PB 0x0000000619000000| Untracked 
|  97|0x0000000619400000, 0x0000000619400000, 0x0000000619800000|  0%| F|  |TAMS 0x0000000619400000| PB 0x0000000619400000| Untracked 
|  98|0x0000000619800000, 0x0000000619800000, 0x0000000619c00000|  0%| F|  |TAMS 0x0000000619800000| PB 0x0000000619800000| Untracked 
|  99|0x0000000619c00000, 0x0000000619c00000, 0x000000061a000000|  0%| F|  |TAMS 0x0000000619c00000| PB 0x0000000619c00000| Untracked 
| 100|0x000000061a000000, 0x000000061a000000, 0x000000061a400000|  0%| F|  |TAMS 0x000000061a000000| PB 0x000000061a000000| Untracked 
| 101|0x000000061a400000, 0x000000061a400000, 0x000000061a800000|  0%| F|  |TAMS 0x000000061a400000| PB 0x000000061a400000| Untracked 
| 102|0x000000061a800000, 0x000000061a800000, 0x000000061ac00000|  0%| F|  |TAMS 0x000000061a800000| PB 0x000000061a800000| Untracked 
| 103|0x000000061ac00000, 0x000000061ac00000, 0x000000061b000000|  0%| F|  |TAMS 0x000000061ac00000| PB 0x000000061ac00000| Untracked 
| 104|0x000000061b000000, 0x000000061b000000, 0x000000061b400000|  0%| F|  |TAMS 0x000000061b000000| PB 0x000000061b000000| Untracked 
| 105|0x000000061b400000, 0x000000061b400000, 0x000000061b800000|  0%| F|  |TAMS 0x000000061b400000| PB 0x000000061b400000| Untracked 
| 106|0x000000061b800000, 0x000000061b800000, 0x000000061bc00000|  0%| F|  |TAMS 0x000000061b800000| PB 0x000000061b800000| Untracked 
| 107|0x000000061bc00000, 0x000000061bc00000, 0x000000061c000000|  0%| F|  |TAMS 0x000000061bc00000| PB 0x000000061bc00000| Untracked 
| 108|0x000000061c000000, 0x000000061c000000, 0x000000061c400000|  0%| F|  |TAMS 0x000000061c000000| PB 0x000000061c000000| Untracked 
| 109|0x000000061c400000, 0x000000061c400000, 0x000000061c800000|  0%| F|  |TAMS 0x000000061c400000| PB 0x000000061c400000| Untracked 
| 110|0x000000061c800000, 0x000000061c800000, 0x000000061cc00000|  0%| F|  |TAMS 0x000000061c800000| PB 0x000000061c800000| Untracked 
| 111|0x000000061cc00000, 0x000000061cc00000, 0x000000061d000000|  0%| F|  |TAMS 0x000000061cc00000| PB 0x000000061cc00000| Untracked 
| 112|0x000000061d000000, 0x000000061d000000, 0x000000061d400000|  0%| F|  |TAMS 0x000000061d000000| PB 0x000000061d000000| Untracked 
| 113|0x000000061d400000, 0x000000061d400000, 0x000000061d800000|  0%| F|  |TAMS 0x000000061d400000| PB 0x000000061d400000| Untracked 
| 114|0x000000061d800000, 0x000000061d800000, 0x000000061dc00000|  0%| F|  |TAMS 0x000000061d800000| PB 0x000000061d800000| Untracked 
| 115|0x000000061dc00000, 0x000000061dc00000, 0x000000061e000000|  0%| F|  |TAMS 0x000000061dc00000| PB 0x000000061dc00000| Untracked 
| 116|0x000000061e000000, 0x000000061e000000, 0x000000061e400000|  0%| F|  |TAMS 0x000000061e000000| PB 0x000000061e000000| Untracked 
| 117|0x000000061e400000, 0x000000061e800000, 0x000000061e800000|100%| S|CS|TAMS 0x000000061e400000| PB 0x000000061e400000| Complete 
| 118|0x000000061e800000, 0x000000061ec00000, 0x000000061ec00000|100%| S|CS|TAMS 0x000000061e800000| PB 0x000000061e800000| Complete 
| 119|0x000000061ec00000, 0x000000061ec00000, 0x000000061f000000|  0%| F|  |TAMS 0x000000061ec00000| PB 0x000000061ec00000| Untracked 
| 120|0x000000061f000000, 0x000000061f000000, 0x000000061f400000|  0%| F|  |TAMS 0x000000061f000000| PB 0x000000061f000000| Untracked 
| 121|0x000000061f400000, 0x000000061f400000, 0x000000061f800000|  0%| F|  |TAMS 0x000000061f400000| PB 0x000000061f400000| Untracked 
| 122|0x000000061f800000, 0x000000061f800000, 0x000000061fc00000|  0%| F|  |TAMS 0x000000061f800000| PB 0x000000061f800000| Untracked 
| 123|0x000000061fc00000, 0x000000061fc00000, 0x0000000620000000|  0%| F|  |TAMS 0x000000061fc00000| PB 0x000000061fc00000| Untracked 
| 124|0x0000000620000000, 0x000000062021acd0, 0x0000000620400000| 52%| E|  |TAMS 0x0000000620000000| PB 0x0000000620000000| Complete 
| 125|0x0000000620400000, 0x0000000620800000, 0x0000000620800000|100%| E|CS|TAMS 0x0000000620400000| PB 0x0000000620400000| Complete 
| 126|0x0000000620800000, 0x0000000620c00000, 0x0000000620c00000|100%| E|CS|TAMS 0x0000000620800000| PB 0x0000000620800000| Complete 
| 127|0x0000000620c00000, 0x0000000621000000, 0x0000000621000000|100%| E|CS|TAMS 0x0000000620c00000| PB 0x0000000620c00000| Complete 

Card table byte_map: [0x0000029cf7b70000,0x0000029cf8b70000] _byte_map_base: 0x0000029cf4b68000

Marking Bits: (CMBitMap*) 0x0000029cded88ea0
 Bits: [0x0000029c80000000, 0x0000029c87fc0000)

Polling page: 0x0000029cdcbb0000

Metaspace:

Usage:
  Non-class:     14.21 MB used.
      Class:      2.14 MB used.
       Both:     16.35 MB used.

Virtual space:
  Non-class space:       64.00 MB reserved,      14.38 MB ( 22%) committed,  1 nodes.
      Class space:        1.00 GB reserved,       2.25 MB ( <1%) committed,  1 nodes.
             Both:        1.06 GB reserved,      16.62 MB (  2%) committed. 

Chunk freelists:
   Non-Class:  1.28 MB
       Class:  1.69 MB
        Both:  2.97 MB

MaxMetaspaceSize: unlimited
CompressedClassSpaceSize: 1.00 GB
Initial GC threshold: 21.00 MB
Current GC threshold: 21.00 MB
CDS: on
MetaspaceReclaimPolicy: balanced
 - commit_granule_bytes: 65536.
 - commit_granule_words: 8192.
 - virtual_space_node_default_size: 8388608.
 - enlarge_chunks_in_place: 1.
 - new_chunks_are_fully_committed: 0.
 - uncommit_free_chunks: 1.
 - use_allocation_guard: 0.


Internal statistics:

num_allocs_failed_limit: 0.
num_arena_births: 350.
num_arena_deaths: 0.
num_vsnodes_births: 2.
num_vsnodes_deaths: 0.
num_space_committed: 266.
num_space_uncommitted: 0.
num_chunks_returned_to_freelist: 0.
num_chunks_taken_from_freelist: 895.
num_chunk_merges: 0.
num_chunk_splits: 611.
num_chunks_enlarged: 437.
num_inconsistent_stats: 0.

CodeHeap 'non-profiled nmethods': size=119168Kb used=879Kb max_used=879Kb free=118288Kb
 bounds [0x0000029cee930000, 0x0000029ceeba0000, 0x0000029cf5d90000]
CodeHeap 'profiled nmethods': size=119104Kb used=5035Kb max_used=5035Kb free=114068Kb
 bounds [0x0000029ce6d90000, 0x0000029ce7280000, 0x0000029cee1e0000]
CodeHeap 'non-nmethods': size=7488Kb used=3003Kb max_used=3580Kb free=4484Kb
 bounds [0x0000029cee1e0000, 0x0000029cee570000, 0x0000029cee930000]
 total_blobs=3394 nmethods=2562 adapters=740
 compilation: enabled
              stopped_count=0, restarted_count=0
 full_count=0

Compilation events (20 events):
Event: 3.878 Thread 0x0000029cfd400200 nmethod 2556 0x0000029ce7272c10 code [0x0000029ce7272dc0, 0x0000029ce7272fe0]
Event: 3.878 Thread 0x0000029cfd34da50 2557       3       com.sun.javafx.font.directwrite.DWFontStrike::getQuantizedPosition (151 bytes)
Event: 3.878 Thread 0x0000029cfc09ed90 2558       3       com.sun.javafx.font.PrismFontStrike::getQuantizedPosition (56 bytes)
Event: 3.878 Thread 0x0000029cfd400200 2559   !   3       com.sun.prism.impl.GlyphCache::getCachedGlyph (494 bytes)
Event: 3.878 Thread 0x0000029cfc09ed90 nmethod 2558 0x0000029ce7273110 code [0x0000029ce72732e0, 0x0000029ce7273510]
Event: 3.878 Thread 0x0000029cfc09ed90 2560       3       com.sun.prism.impl.GlyphCache::addDataToQuad (305 bytes)
Event: 3.878 Thread 0x0000029cfd34da50 nmethod 2557 0x0000029ce7273610 code [0x0000029ce7273800, 0x0000029ce7273c28]
Event: 3.878 Thread 0x0000029cfc09ed90 nmethod 2560 0x0000029ce7273d10 code [0x0000029ce7273f80, 0x0000029ce72748f0]
Event: 3.879 Thread 0x0000029cfd400200 nmethod 2559 0x0000029ce7274d10 code [0x0000029ce7275240, 0x0000029ce7277d10]
Event: 3.956 Thread 0x0000029cfc0a3840 2561       4       javafx.scene.Node::updateLocalToParentTransform (442 bytes)
Event: 3.957 Thread 0x0000029cfc0a3840 nmethod 2561 0x0000029ceea0b810 code [0x0000029ceea0b980, 0x0000029ceea0ba20]
Event: 3.959 Thread 0x0000029cfc0a3840 2562       4       java.lang.Class::getPackageName (81 bytes)
Event: 3.962 Thread 0x0000029cfc09ed90 2563       3       java.lang.invoke.AbstractValidatingLambdaMetafactory::isAdaptableToAsReturnStrict (34 bytes)
Event: 3.962 Thread 0x0000029cfd34da50 2564       3       java.lang.invoke.InnerClassLambdaMetafactory::spinInnerClass (118 bytes)
Event: 3.962 Thread 0x0000029cfd400200 2565       3       java.lang.invoke.LambdaProxyClassArchive::find (63 bytes)
Event: 3.963 Thread 0x0000029cfd34da50 nmethod 2564 0x0000029ce7279290 code [0x0000029ce7279440, 0x0000029ce7279748]
Event: 3.963 Thread 0x0000029cfc09ed90 nmethod 2563 0x0000029ce7279810 code [0x0000029ce72799e0, 0x0000029ce7279f88]
Event: 3.963 Thread 0x0000029cfd34da50 2566       3       java.lang.invoke.LambdaProxyClassArchive::loadedByBuiltinLoader (22 bytes)
Event: 3.963 Thread 0x0000029cfc09ed90 2567       3       jdk.internal.misc.CDS::isSharingEnabled (4 bytes)
Event: 3.963 Thread 0x0000029cfd400200 nmethod 2565 0x0000029ce727a110 code [0x0000029ce727a320, 0x0000029ce727ab00]

GC Heap History (4 events):
Event: 0.356 GC heap before
{Heap before GC invocations=0 (full 0):
 garbage-first heap   total 524288K, used 20480K [0x0000000601000000, 0x0000000800000000)
  region size 4096K, 6 young (24576K), 0 survivors (0K)
 Metaspace       used 4562K, committed 4736K, reserved 1114112K
  class space    used 530K, committed 640K, reserved 1048576K
}
Event: 0.359 GC heap after
{Heap after GC invocations=1 (full 0):
 garbage-first heap   total 524288K, used 4404K [0x0000000601000000, 0x0000000800000000)
  region size 4096K, 1 young (4096K), 1 survivors (4096K)
 Metaspace       used 4562K, committed 4736K, reserved 1114112K
  class space    used 530K, committed 640K, reserved 1048576K
}
Event: 0.734 GC heap before
{Heap before GC invocations=1 (full 0):
 garbage-first heap   total 524288K, used 33076K [0x0000000601000000, 0x0000000800000000)
  region size 4096K, 9 young (36864K), 1 survivors (4096K)
 Metaspace       used 13354K, committed 13696K, reserved 1114112K
  class space    used 1736K, committed 1920K, reserved 1048576K
}
Event: 0.737 GC heap after
{Heap after GC invocations=2 (full 0):
 garbage-first heap   total 524288K, used 12869K [0x0000000601000000, 0x0000000800000000)
  region size 4096K, 2 young (8192K), 2 survivors (8192K)
 Metaspace       used 13354K, committed 13696K, reserved 1114112K
  class space    used 1736K, committed 1920K, reserved 1048576K
}

Dll operation events (20 events):
Event: 0.152 Loaded shared library D:\Dev\Foodify\Java\Foodify\lib\javafx-sdk-20.0.1\bin\api-ms-win-crt-locale-l1-1-0.dll
Event: 0.152 Loaded shared library D:\Dev\Foodify\Java\Foodify\lib\javafx-sdk-20.0.1\bin\api-ms-win-crt-math-l1-1-0.dll
Event: 0.153 Loaded shared library D:\Dev\Foodify\Java\Foodify\lib\javafx-sdk-20.0.1\bin\api-ms-win-crt-multibyte-l1-1-0.dll
Event: 0.153 Loaded shared library D:\Dev\Foodify\Java\Foodify\lib\javafx-sdk-20.0.1\bin\api-ms-win-crt-private-l1-1-0.dll
Event: 0.154 Loaded shared library D:\Dev\Foodify\Java\Foodify\lib\javafx-sdk-20.0.1\bin\api-ms-win-crt-process-l1-1-0.dll
Event: 0.155 Loaded shared library D:\Dev\Foodify\Java\Foodify\lib\javafx-sdk-20.0.1\bin\api-ms-win-crt-runtime-l1-1-0.dll
Event: 0.155 Loaded shared library D:\Dev\Foodify\Java\Foodify\lib\javafx-sdk-20.0.1\bin\api-ms-win-crt-stdio-l1-1-0.dll
Event: 0.156 Loaded shared library D:\Dev\Foodify\Java\Foodify\lib\javafx-sdk-20.0.1\bin\api-ms-win-crt-string-l1-1-0.dll
Event: 0.157 Loaded shared library D:\Dev\Foodify\Java\Foodify\lib\javafx-sdk-20.0.1\bin\api-ms-win-crt-time-l1-1-0.dll
Event: 0.157 Loaded shared library D:\Dev\Foodify\Java\Foodify\lib\javafx-sdk-20.0.1\bin\api-ms-win-crt-utility-l1-1-0.dll
Event: 0.158 Loaded shared library D:\Dev\Foodify\Java\Foodify\lib\javafx-sdk-20.0.1\bin\ucrtbase.dll
Event: 0.159 Loaded shared library D:\Dev\Foodify\Java\Foodify\lib\javafx-sdk-20.0.1\bin\vcruntime140.dll
Event: 0.159 Loaded shared library D:\Dev\Foodify\Java\Foodify\lib\javafx-sdk-20.0.1\bin\vcruntime140_1.dll
Event: 0.160 Loaded shared library D:\Dev\Foodify\Java\Foodify\lib\javafx-sdk-20.0.1\bin\msvcp140.dll
Event: 0.160 Loaded shared library D:\Dev\Foodify\Java\Foodify\lib\javafx-sdk-20.0.1\bin\msvcp140_1.dll
Event: 0.161 Loaded shared library D:\Dev\Foodify\Java\Foodify\lib\javafx-sdk-20.0.1\bin\msvcp140_2.dll
Event: 0.188 Loaded shared library D:\Dev\Foodify\Java\Foodify\lib\javafx-sdk-20.0.1\bin\prism_d3d.dll
Event: 0.228 Loaded shared library D:\Dev\Foodify\Java\Foodify\lib\javafx-sdk-20.0.1\bin\glass.dll
Event: 0.323 Loaded shared library C:\Users\Logan\.jdks\openjdk-20.0.1\bin\jimage.dll
Event: 0.441 Loaded shared library D:\Dev\Foodify\Java\Foodify\lib\javafx-sdk-20.0.1\bin\javafx_font.dll

Deoptimization events (20 events):
Event: 0.759 Thread 0x0000029c8cb6c630 Uncommon trap: trap_request=0xffffff45 fr.pc=0x0000029cee9c55f8 relative=0x0000000000000138
Event: 0.759 Thread 0x0000029c8cb6c630 Uncommon trap: reason=unstable_if action=reinterpret pc=0x0000029cee9c55f8 method=java.io.BufferedInputStream.read1([BII)I @ 61 c2
Event: 0.759 Thread 0x0000029c8cb6c630 DEOPT PACKING pc=0x0000029cee9c55f8 sp=0x000000d11d8fd3c0
Event: 0.759 Thread 0x0000029c8cb6c630 DEOPT UNPACKING pc=0x0000029cee249d22 sp=0x000000d11d8fd360 mode 2
Event: 0.762 Thread 0x0000029c8cb6c630 Uncommon trap: trap_request=0xffffffde fr.pc=0x0000029cee9430a8 relative=0x00000000000001a8
Event: 0.762 Thread 0x0000029c8cb6c630 Uncommon trap: reason=class_check action=maybe_recompile pc=0x0000029cee9430a8 method=java.lang.String.equals(Ljava/lang/Object;)Z @ 8 c2
Event: 0.762 Thread 0x0000029c8cb6c630 DEOPT PACKING pc=0x0000029cee9430a8 sp=0x000000d11d8fd840
Event: 0.762 Thread 0x0000029c8cb6c630 DEOPT UNPACKING pc=0x0000029cee249d22 sp=0x000000d11d8fd7d8 mode 2
Event: 0.762 Thread 0x0000029c8cb6c630 Uncommon trap: trap_request=0xffffffde fr.pc=0x0000029cee9430a8 relative=0x00000000000001a8
Event: 0.762 Thread 0x0000029c8cb6c630 Uncommon trap: reason=class_check action=maybe_recompile pc=0x0000029cee9430a8 method=java.lang.String.equals(Ljava/lang/Object;)Z @ 8 c2
Event: 0.762 Thread 0x0000029c8cb6c630 DEOPT PACKING pc=0x0000029cee9430a8 sp=0x000000d11d8fd750
Event: 0.762 Thread 0x0000029c8cb6c630 DEOPT UNPACKING pc=0x0000029cee249d22 sp=0x000000d11d8fd6e8 mode 2
Event: 0.762 Thread 0x0000029c8cb6c630 Uncommon trap: trap_request=0xffffffde fr.pc=0x0000029cee9430a8 relative=0x00000000000001a8
Event: 0.762 Thread 0x0000029c8cb6c630 Uncommon trap: reason=class_check action=maybe_recompile pc=0x0000029cee9430a8 method=java.lang.String.equals(Ljava/lang/Object;)Z @ 8 c2
Event: 0.762 Thread 0x0000029c8cb6c630 DEOPT PACKING pc=0x0000029cee9430a8 sp=0x000000d11d8fd750
Event: 0.762 Thread 0x0000029c8cb6c630 DEOPT UNPACKING pc=0x0000029cee249d22 sp=0x000000d11d8fd6e8 mode 2
Event: 0.762 Thread 0x0000029c8cb6c630 Uncommon trap: trap_request=0xffffffde fr.pc=0x0000029cee9430a8 relative=0x00000000000001a8
Event: 0.762 Thread 0x0000029c8cb6c630 Uncommon trap: reason=class_check action=maybe_recompile pc=0x0000029cee9430a8 method=java.lang.String.equals(Ljava/lang/Object;)Z @ 8 c2
Event: 0.762 Thread 0x0000029c8cb6c630 DEOPT PACKING pc=0x0000029cee9430a8 sp=0x000000d11d8fd690
Event: 0.762 Thread 0x0000029c8cb6c630 DEOPT UNPACKING pc=0x0000029cee249d22 sp=0x000000d11d8fd628 mode 2

Classes loaded (20 events):
Event: 1.077 Loading class java/time/Month
Event: 1.077 Loading class java/time/Month done
Event: 1.077 Loading class java/time/DayOfWeek
Event: 1.077 Loading class java/time/DayOfWeek done
Event: 1.077 Loading class java/time/zone/ZoneOffsetTransitionRule$TimeDefinition
Event: 1.077 Loading class java/time/zone/ZoneOffsetTransitionRule$TimeDefinition done
Event: 1.078 Loading class java/time/zone/ZoneOffsetTransition
Event: 1.078 Loading class java/time/zone/ZoneOffsetTransition done
Event: 1.078 Loading class sun/util/cldr/CLDRBaseLocaleDataMetaInfo$TZCanonicalIDMapHolder
Event: 1.079 Loading class sun/util/cldr/CLDRBaseLocaleDataMetaInfo$TZCanonicalIDMapHolder done
Event: 1.080 Loading class sun/util/resources/TimeZoneNames
Event: 1.080 Loading class sun/util/resources/TimeZoneNames done
Event: 1.080 Loading class sun/util/resources/TimeZoneNames_en
Event: 1.080 Loading class sun/util/resources/TimeZoneNames_en done
Event: 1.387 Loading class java/util/EnumMap$Values
Event: 1.387 Loading class java/util/EnumMap$Values done
Event: 1.387 Loading class java/util/EnumMap$ValueIterator
Event: 1.387 Loading class java/util/EnumMap$EnumMapIterator
Event: 1.387 Loading class java/util/EnumMap$EnumMapIterator done
Event: 1.387 Loading class java/util/EnumMap$ValueIterator done

Classes unloaded (0 events):
No events

Classes redefined (0 events):
No events

Internal exceptions (20 events):
Event: 0.528 Thread 0x0000029c8cb6c630 Exception <a 'java/lang/NoSuchMethodError'{0x000000061fdb8330}: 'void java.lang.invoke.DirectMethodHandle$Holder.invokeSpecial(java.lang.Object, java.lang.Object, int)'> (0x000000061fdb8330) 
thrown [s\open\src\hotspot\share\interpreter\linkResolver.cpp, line 773]
Event: 0.529 Thread 0x0000029c8cb6c630 Exception <a 'java/lang/NoSuchMethodError'{0x000000061fdbc0b0}: 'int java.lang.invoke.DirectMethodHandle$Holder.invokeSpecial(java.lang.Object, java.lang.Object, java.lang.Object, int)'> (0x000000061fdbc0b0) 
thrown [s\open\src\hotspot\share\interpreter\linkResolver.cpp, line 773]
Event: 0.529 Thread 0x0000029c8cb6c630 Exception <a 'java/lang/NoSuchMethodError'{0x000000061fdc6238}: 'void java.lang.invoke.DelegatingMethodHandle$Holder.reinvoke_L(java.lang.Object, java.lang.Object, int)'> (0x000000061fdc6238) 
thrown [s\open\src\hotspot\share\interpreter\linkResolver.cpp, line 773]
Event: 0.529 Thread 0x0000029c8cb6c630 Exception <a 'java/lang/NoSuchMethodError'{0x000000061fdc9c60}: 'int java.lang.invoke.DirectMethodHandle$Holder.invokeSpecial(java.lang.Object, java.lang.Object, java.lang.Object)'> (0x000000061fdc9c60) 
thrown [s\open\src\hotspot\share\interpreter\linkResolver.cpp, line 773]
Event: 0.550 Thread 0x0000029c8cb6c630 Implicit null exception at 0x0000029cee993042 to 0x0000029cee993338
Event: 0.640 Thread 0x0000029c8cb6c630 Exception <a 'java/lang/NoSuchMethodError'{0x000000061f294d10}: 'java.lang.Object java.lang.invoke.DirectMethodHandle$Holder.invokeInterface(java.lang.Object, java.lang.Object)'> (0x000000061f294d10) 
thrown [s\open\src\hotspot\share\interpreter\linkResolver.cpp, line 773]
Event: 0.652 Thread 0x0000029c8cb6c630 Exception <a 'java/lang/NoSuchMethodError'{0x000000061f314658}: 'java.lang.Object java.lang.invoke.DirectMethodHandle$Holder.invokeVirtual(java.lang.Object, java.lang.Object, java.lang.Object)'> (0x000000061f314658) 
thrown [s\open\src\hotspot\share\interpreter\linkResolver.cpp, line 773]
Event: 0.693 Thread 0x0000029c8cb6c630 Exception <a 'java/net/ConnectException'{0x000000061ee23248}: Connection refused: connect> (0x000000061ee23248) 
thrown [s\open\src\hotspot\share\prims\jni.cpp, line 538]
Event: 0.693 Thread 0x0000029c8cb6c630 Exception <a 'java/net/ConnectException'{0x000000061ee23f80}: Connection refused: connect> (0x000000061ee23f80) 
thrown [s\open\src\hotspot\share\prims\jni.cpp, line 538]
Event: 0.740 Thread 0x0000029c8cb6c630 Implicit null exception at 0x0000029cee98fdcb to 0x0000029cee990144
Event: 0.747 Thread 0x0000029c8cb6c630 Exception <a 'java/io/FileNotFoundException'{0x0000000620d928a8}> (0x0000000620d928a8) 
thrown [s\open\src\hotspot\share\prims\jni.cpp, line 519]
Event: 0.772 Thread 0x0000029c8cb6c630 Exception <a 'java/lang/NoSuchMethodError'{0x0000000620fd3c48}: 'java.lang.Object java.lang.invoke.DirectMethodHandle$Holder.invokeInterface(java.lang.Object, java.lang.Object, java.lang.Object)'> (0x0000000620fd3c48) 
thrown [s\open\src\hotspot\share\interpreter\linkResolver.cpp, line 773]
Event: 0.772 Thread 0x0000029c8cb6c630 Exception <a 'java/lang/IncompatibleClassChangeError'{0x0000000620fd7030}: Found class java.lang.Object, but interface was expected> (0x0000000620fd7030) 
thrown [s\open\src\hotspot\share\interpreter\linkResolver.cpp, line 840]
Event: 0.788 Thread 0x0000029c8cb6c630 Exception <a 'java/lang/NoSuchMethodError'{0x00000006208ea088}: 'int java.lang.invoke.DirectMethodHandle$Holder.invokeSpecial(java.lang.Object, java.lang.Object, int)'> (0x00000006208ea088) 
thrown [s\open\src\hotspot\share\interpreter\linkResolver.cpp, line 773]
Event: 0.796 Thread 0x0000029c8cb6c630 Exception <a 'java/lang/NoSuchMethodError'{0x000000062097a838}: 'java.lang.Object java.lang.invoke.DirectMethodHandle$Holder.newInvokeSpecial(java.lang.Object, java.lang.Object, int)'> (0x000000062097a838) 
thrown [s\open\src\hotspot\share\interpreter\linkResolver.cpp, line 773]
Event: 0.824 Thread 0x0000029c8d28f360 Exception <a 'java/lang/NoSuchMethodError'{0x0000000620b593e8}: 'int java.lang.invoke.DirectMethodHandle$Holder.invokeStaticInit(java.lang.Object, java.lang.Object)'> (0x0000000620b593e8) 
thrown [s\open\src\hotspot\share\interpreter\linkResolver.cpp, line 773]
Event: 3.875 Thread 0x0000029c8cb6c630 Exception <a 'java/lang/NoSuchMethodError'{0x0000000620181058}: 'long java.lang.invoke.DirectMethodHandle$Holder.invokeStatic(java.lang.Object, java.lang.Object, java.lang.Object)'> (0x0000000620181058) 
thrown [s\open\src\hotspot\share\interpreter\linkResolver.cpp, line 773]
Event: 3.875 Thread 0x0000029c8cb6c630 Exception <a 'java/lang/NoSuchMethodError'{0x00000006201846d8}: 'long java.lang.invoke.DirectMethodHandle$Holder.invokeStaticInit(java.lang.Object, java.lang.Object, java.lang.Object)'> (0x00000006201846d8) 
thrown [s\open\src\hotspot\share\interpreter\linkResolver.cpp, line 773]
Event: 3.876 Thread 0x0000029c8cb6c630 Exception <a 'java/lang/NoSuchMethodError'{0x000000062019cd38}: 'java.lang.Object java.lang.invoke.DirectMethodHandle$Holder.newInvokeSpecial(java.lang.Object, java.lang.Object, long)'> (0x000000062019cd38) 
thrown [s\open\src\hotspot\share\interpreter\linkResolver.cpp, line 773]
Event: 3.876 Thread 0x0000029c8cb6c630 Exception <a 'java/lang/NoSuchMethodError'{0x00000006201a0630}: 'java.lang.Object java.lang.invoke.Invokers$Holder.linkToTargetMethod(java.lang.Object, long, java.lang.Object)'> (0x00000006201a0630) 
thrown [s\open\src\hotspot\share\interpreter\linkResolver.cpp, line 773]

VM Operations (20 events):
Event: 0.630 Executing VM operation: HandshakeAllThreads done
Event: 0.632 Executing VM operation: HandshakeAllThreads
Event: 0.632 Executing VM operation: HandshakeAllThreads done
Event: 0.641 Executing VM operation: HandshakeAllThreads
Event: 0.641 Executing VM operation: HandshakeAllThreads done
Event: 0.649 Executing VM operation: HandshakeAllThreads
Event: 0.649 Executing VM operation: HandshakeAllThreads done
Event: 0.701 Executing VM operation: HandshakeAllThreads
Event: 0.701 Executing VM operation: HandshakeAllThreads done
Event: 0.733 Executing VM operation: G1CollectForAllocation
Event: 0.737 Executing VM operation: G1CollectForAllocation done
Event: 0.751 Executing VM operation: HandshakeAllThreads
Event: 0.751 Executing VM operation: HandshakeAllThreads done
Event: 0.817 Executing VM operation: HandshakeAllThreads
Event: 0.817 Executing VM operation: HandshakeAllThreads done
Event: 1.817 Executing VM operation: Cleanup
Event: 1.817 Executing VM operation: Cleanup done
Event: 2.818 Executing VM operation: Cleanup
Event: 2.818 Executing VM operation: Cleanup done
Event: 3.963 Executing VM operation: Exit

Events (20 events):
Event: 0.098 Thread 0x0000029cfd35ca20 Thread added: 0x0000029cfd35ca20
Event: 0.098 Thread 0x0000029cfd35cf70 Thread added: 0x0000029cfd35cf70
Event: 0.184 Thread 0x0000029c8d28f360 Thread added: 0x0000029c8d28f360
Event: 0.229 Thread 0x0000029c8cf406f0 Thread added: 0x0000029c8cf406f0
Event: 0.231 Thread 0x0000029c8cb6c630 Thread added: 0x0000029c8cb6c630
Event: 0.309 Thread 0x0000029c8d490a90 Thread added: 0x0000029c8d490a90
Event: 0.321 Thread 0x0000029c8cec0d10 Thread added: 0x0000029c8cec0d10
Event: 0.326 Thread 0x0000029cfd364080 Thread exited: 0x0000029cfd364080
Event: 0.630 Thread 0x0000029c8d651ea0 Thread added: 0x0000029c8d651ea0
Event: 0.769 Thread 0x0000029c8d64f970 Thread added: 0x0000029c8d64f970
Event: 0.841 Thread 0x0000029c8d650960 Thread added: 0x0000029c8d650960
Event: 1.071 Thread 0x0000029cfd363af0 Thread exited: 0x0000029cfd363af0
Event: 1.387 Thread 0x0000029cfd363150 Thread exited: 0x0000029cfd363150
Event: 1.387 Thread 0x0000029cfd3627b0 Thread exited: 0x0000029cfd3627b0
Event: 1.388 Thread 0x0000029cfd35da20 Thread exited: 0x0000029cfd35da20
Event: 3.868 Thread 0x0000029cfd400fa0 Thread exited: 0x0000029cfd400fa0
Event: 3.962 Thread 0x0000029c8d6523f0 Thread added: 0x0000029c8d6523f0
Event: 3.962 Thread 0x0000029c8d652e90 Thread added: 0x0000029c8d652e90
Event: 3.962 Thread 0x0000029c8d652e90 Thread exited: 0x0000029c8d652e90
Event: 3.962 Thread 0x0000029c8d6523f0 Thread exited: 0x0000029c8d6523f0


Dynamic libraries:
0x00007ff767820000 - 0x00007ff76782e000 	C:\Users\Logan\.jdks\openjdk-20.0.1\bin\java.exe
0x00007ffd33630000 - 0x00007ffd33828000 	C:\WINDOWS\SYSTEM32\ntdll.dll
0x00007ffd32170000 - 0x00007ffd3222f000 	C:\WINDOWS\System32\KERNEL32.DLL
0x00007ffd312f0000 - 0x00007ffd315e6000 	C:\WINDOWS\System32\KERNELBASE.dll
0x00007ffd311f0000 - 0x00007ffd312f0000 	C:\WINDOWS\System32\ucrtbase.dll
0x00007ffd29740000 - 0x00007ffd2975b000 	C:\Users\Logan\.jdks\openjdk-20.0.1\bin\VCRUNTIME140.dll
0x00007ffd296d0000 - 0x00007ffd296e7000 	C:\Users\Logan\.jdks\openjdk-20.0.1\bin\jli.dll
0x00007ffd32480000 - 0x00007ffd3261d000 	C:\WINDOWS\System32\USER32.dll
0x00007ffd30f60000 - 0x00007ffd30f82000 	C:\WINDOWS\System32\win32u.dll
0x00007ffd1a850000 - 0x00007ffd1aaea000 	C:\WINDOWS\WinSxS\amd64_microsoft.windows.common-controls_6595b64144ccf1df_6.0.19041.1110_none_60b5254171f9507e\COMCTL32.dll
0x00007ffd32130000 - 0x00007ffd3215c000 	C:\WINDOWS\System32\GDI32.dll
0x00007ffd31ab0000 - 0x00007ffd31b4e000 	C:\WINDOWS\System32\msvcrt.dll
0x00007ffd310d0000 - 0x00007ffd311e5000 	C:\WINDOWS\System32\gdi32full.dll
0x00007ffd315f0000 - 0x00007ffd3168d000 	C:\WINDOWS\System32\msvcp_win.dll
0x00007ffd31a80000 - 0x00007ffd31ab0000 	C:\WINDOWS\System32\IMM32.DLL
0x00007ffd29730000 - 0x00007ffd2973c000 	C:\Users\Logan\.jdks\openjdk-20.0.1\bin\vcruntime140_1.dll
0x00007ffd1e420000 - 0x00007ffd1e4ae000 	C:\Users\Logan\.jdks\openjdk-20.0.1\bin\msvcp140.dll
0x00007ffd07e90000 - 0x00007ffd08b27000 	C:\Users\Logan\.jdks\openjdk-20.0.1\bin\server\jvm.dll
0x00007ffd32690000 - 0x00007ffd3273f000 	C:\WINDOWS\System32\ADVAPI32.dll
0x00007ffd32aa0000 - 0x00007ffd32b3c000 	C:\WINDOWS\System32\sechost.dll
0x00007ffd31950000 - 0x00007ffd31a76000 	C:\WINDOWS\System32\RPCRT4.dll
0x00007ffd233f0000 - 0x00007ffd23417000 	C:\WINDOWS\SYSTEM32\WINMM.dll
0x00007ffd20930000 - 0x00007ffd20939000 	C:\WINDOWS\SYSTEM32\WSOCK32.dll
0x00007ffd32230000 - 0x00007ffd3229b000 	C:\WINDOWS\System32\WS2_32.dll
0x00007ffd2b0e0000 - 0x00007ffd2b0ea000 	C:\WINDOWS\SYSTEM32\VERSION.dll
0x00007ffd2f580000 - 0x00007ffd2f592000 	C:\WINDOWS\SYSTEM32\kernel.appcore.dll
0x00007ffd296c0000 - 0x00007ffd296ca000 	C:\Users\Logan\.jdks\openjdk-20.0.1\bin\jimage.dll
0x00007ffd2f1f0000 - 0x00007ffd2f3d4000 	C:\WINDOWS\SYSTEM32\DBGHELP.DLL
0x00007ffd2a850000 - 0x00007ffd2a884000 	C:\WINDOWS\SYSTEM32\dbgcore.DLL
0x00007ffd31040000 - 0x00007ffd310c2000 	C:\WINDOWS\System32\bcryptPrimitives.dll
0x00007ffd29d30000 - 0x00007ffd29d3e000 	C:\Users\Logan\.jdks\openjdk-20.0.1\bin\instrument.dll
0x00007ffd28410000 - 0x00007ffd28436000 	C:\Users\Logan\.jdks\openjdk-20.0.1\bin\java.dll
0x00007ffd1b930000 - 0x00007ffd1ba07000 	C:\Users\Logan\.jdks\openjdk-20.0.1\bin\jsvml.dll
0x00007ffd32ba0000 - 0x00007ffd332e4000 	C:\WINDOWS\System32\SHELL32.dll
0x00007ffd2e990000 - 0x00007ffd2f123000 	C:\WINDOWS\SYSTEM32\windows.storage.dll
0x00007ffd32740000 - 0x00007ffd32a94000 	C:\WINDOWS\System32\combase.dll
0x00007ffd30770000 - 0x00007ffd3079e000 	C:\WINDOWS\SYSTEM32\Wldp.dll
0x00007ffd322b0000 - 0x00007ffd3235d000 	C:\WINDOWS\System32\SHCORE.dll
0x00007ffd32630000 - 0x00007ffd32685000 	C:\WINDOWS\System32\shlwapi.dll
0x00007ffd30c50000 - 0x00007ffd30c6f000 	C:\WINDOWS\SYSTEM32\profapi.dll
0x00007ffd296a0000 - 0x00007ffd296b3000 	C:\Users\Logan\.jdks\openjdk-20.0.1\bin\net.dll
0x00007ffd2b0f0000 - 0x00007ffd2b1fa000 	C:\WINDOWS\SYSTEM32\WINHTTP.dll
0x00007ffd304d0000 - 0x00007ffd3053a000 	C:\WINDOWS\system32\mswsock.dll
0x00007ffd22fa0000 - 0x00007ffd22fb6000 	C:\Users\Logan\.jdks\openjdk-20.0.1\bin\nio.dll
0x00007ffd1c1f0000 - 0x00007ffd1c208000 	C:\Users\Logan\.jdks\openjdk-20.0.1\bin\zip.dll
0x00007ffd29d10000 - 0x00007ffd29d2a000 	C:\Program Files\JetBrains\IntelliJ IDEA Community Edition 2022.1.2\bin\breakgen64.dll
0x00007ffd1c1d0000 - 0x00007ffd1c1d7000 	C:\Users\Logan\.jdks\openjdk-20.0.1\bin\extnet.dll
0x0000029c87fe0000 - 0x0000029c87fe3000 	D:\Dev\Foodify\Java\Foodify\lib\javafx-sdk-20.0.1\bin\api-ms-win-core-console-l1-1-0.dll
0x0000029c87ff0000 - 0x0000029c87ff3000 	D:\Dev\Foodify\Java\Foodify\lib\javafx-sdk-20.0.1\bin\api-ms-win-core-console-l1-2-0.dll
0x0000029c8d900000 - 0x0000029c8d903000 	D:\Dev\Foodify\Java\Foodify\lib\javafx-sdk-20.0.1\bin\api-ms-win-core-datetime-l1-1-0.dll
0x0000029c8d910000 - 0x0000029c8d913000 	D:\Dev\Foodify\Java\Foodify\lib\javafx-sdk-20.0.1\bin\api-ms-win-core-debug-l1-1-0.dll
0x0000029c8d920000 - 0x0000029c8d923000 	D:\Dev\Foodify\Java\Foodify\lib\javafx-sdk-20.0.1\bin\api-ms-win-core-errorhandling-l1-1-0.dll
0x0000029c8da40000 - 0x0000029c8da44000 	D:\Dev\Foodify\Java\Foodify\lib\javafx-sdk-20.0.1\bin\api-ms-win-core-file-l1-1-0.dll
0x0000029c8d930000 - 0x0000029c8d933000 	D:\Dev\Foodify\Java\Foodify\lib\javafx-sdk-20.0.1\bin\api-ms-win-core-file-l1-2-0.dll
0x0000029c8d940000 - 0x0000029c8d943000 	D:\Dev\Foodify\Java\Foodify\lib\javafx-sdk-20.0.1\bin\api-ms-win-core-file-l2-1-0.dll
0x0000029c8d950000 - 0x0000029c8d953000 	D:\Dev\Foodify\Java\Foodify\lib\javafx-sdk-20.0.1\bin\api-ms-win-core-handle-l1-1-0.dll
0x0000029c8d960000 - 0x0000029c8d963000 	D:\Dev\Foodify\Java\Foodify\lib\javafx-sdk-20.0.1\bin\api-ms-win-core-heap-l1-1-0.dll
0x0000029c8d970000 - 0x0000029c8d973000 	D:\Dev\Foodify\Java\Foodify\lib\javafx-sdk-20.0.1\bin\api-ms-win-core-interlocked-l1-1-0.dll
0x0000029c8d980000 - 0x0000029c8d983000 	D:\Dev\Foodify\Java\Foodify\lib\javafx-sdk-20.0.1\bin\api-ms-win-core-libraryloader-l1-1-0.dll
0x0000029c8d990000 - 0x0000029c8d993000 	D:\Dev\Foodify\Java\Foodify\lib\javafx-sdk-20.0.1\bin\api-ms-win-core-localization-l1-2-0.dll
0x0000029c8d9a0000 - 0x0000029c8d9a3000 	D:\Dev\Foodify\Java\Foodify\lib\javafx-sdk-20.0.1\bin\api-ms-win-core-memory-l1-1-0.dll
0x0000029c8d9b0000 - 0x0000029c8d9b3000 	D:\Dev\Foodify\Java\Foodify\lib\javafx-sdk-20.0.1\bin\api-ms-win-core-namedpipe-l1-1-0.dll
0x0000029c8d9c0000 - 0x0000029c8d9c3000 	D:\Dev\Foodify\Java\Foodify\lib\javafx-sdk-20.0.1\bin\api-ms-win-core-processenvironment-l1-1-0.dll
0x0000029c8d9d0000 - 0x0000029c8d9d3000 	D:\Dev\Foodify\Java\Foodify\lib\javafx-sdk-20.0.1\bin\api-ms-win-core-processthreads-l1-1-0.dll
0x0000029c8d9e0000 - 0x0000029c8d9e3000 	D:\Dev\Foodify\Java\Foodify\lib\javafx-sdk-20.0.1\bin\api-ms-win-core-processthreads-l1-1-1.dll
0x0000029c8d9f0000 - 0x0000029c8d9f3000 	D:\Dev\Foodify\Java\Foodify\lib\javafx-sdk-20.0.1\bin\api-ms-win-core-profile-l1-1-0.dll
0x0000029c8da00000 - 0x0000029c8da03000 	D:\Dev\Foodify\Java\Foodify\lib\javafx-sdk-20.0.1\bin\api-ms-win-core-rtlsupport-l1-1-0.dll
0x0000029c8da10000 - 0x0000029c8da13000 	D:\Dev\Foodify\Java\Foodify\lib\javafx-sdk-20.0.1\bin\api-ms-win-core-string-l1-1-0.dll
0x0000029c8da20000 - 0x0000029c8da23000 	D:\Dev\Foodify\Java\Foodify\lib\javafx-sdk-20.0.1\bin\api-ms-win-core-synch-l1-1-0.dll
0x0000029c8da30000 - 0x0000029c8da33000 	D:\Dev\Foodify\Java\Foodify\lib\javafx-sdk-20.0.1\bin\api-ms-win-core-synch-l1-2-0.dll
0x0000029c8da50000 - 0x0000029c8da53000 	D:\Dev\Foodify\Java\Foodify\lib\javafx-sdk-20.0.1\bin\api-ms-win-core-sysinfo-l1-1-0.dll
0x0000029c8da60000 - 0x0000029c8da63000 	D:\Dev\Foodify\Java\Foodify\lib\javafx-sdk-20.0.1\bin\api-ms-win-core-timezone-l1-1-0.dll
0x0000029c8da70000 - 0x0000029c8da73000 	D:\Dev\Foodify\Java\Foodify\lib\javafx-sdk-20.0.1\bin\api-ms-win-core-util-l1-1-0.dll
0x0000029c8dbc0000 - 0x0000029c8dbc3000 	D:\Dev\Foodify\Java\Foodify\lib\javafx-sdk-20.0.1\bin\api-ms-win-crt-conio-l1-1-0.dll
0x0000029c8da80000 - 0x0000029c8da84000 	D:\Dev\Foodify\Java\Foodify\lib\javafx-sdk-20.0.1\bin\api-ms-win-crt-convert-l1-1-0.dll
0x0000029c8da90000 - 0x0000029c8da93000 	D:\Dev\Foodify\Java\Foodify\lib\javafx-sdk-20.0.1\bin\api-ms-win-crt-environment-l1-1-0.dll
0x0000029c8daa0000 - 0x0000029c8daa3000 	D:\Dev\Foodify\Java\Foodify\lib\javafx-sdk-20.0.1\bin\api-ms-win-crt-filesystem-l1-1-0.dll
0x0000029c8dab0000 - 0x0000029c8dab3000 	D:\Dev\Foodify\Java\Foodify\lib\javafx-sdk-20.0.1\bin\api-ms-win-crt-heap-l1-1-0.dll
0x0000029c8dac0000 - 0x0000029c8dac3000 	D:\Dev\Foodify\Java\Foodify\lib\javafx-sdk-20.0.1\bin\api-ms-win-crt-locale-l1-1-0.dll
0x0000029c8dad0000 - 0x0000029c8dad5000 	D:\Dev\Foodify\Java\Foodify\lib\javafx-sdk-20.0.1\bin\api-ms-win-crt-math-l1-1-0.dll
0x0000029c8dae0000 - 0x0000029c8dae5000 	D:\Dev\Foodify\Java\Foodify\lib\javafx-sdk-20.0.1\bin\api-ms-win-crt-multibyte-l1-1-0.dll
0x0000029c8daf0000 - 0x0000029c8db00000 	D:\Dev\Foodify\Java\Foodify\lib\javafx-sdk-20.0.1\bin\api-ms-win-crt-private-l1-1-0.dll
0x0000029c8db00000 - 0x0000029c8db03000 	D:\Dev\Foodify\Java\Foodify\lib\javafx-sdk-20.0.1\bin\api-ms-win-crt-process-l1-1-0.dll
0x0000029c8db10000 - 0x0000029c8db14000 	D:\Dev\Foodify\Java\Foodify\lib\javafx-sdk-20.0.1\bin\api-ms-win-crt-runtime-l1-1-0.dll
0x0000029c8db20000 - 0x0000029c8db24000 	D:\Dev\Foodify\Java\Foodify\lib\javafx-sdk-20.0.1\bin\api-ms-win-crt-stdio-l1-1-0.dll
0x0000029c8db30000 - 0x0000029c8db34000 	D:\Dev\Foodify\Java\Foodify\lib\javafx-sdk-20.0.1\bin\api-ms-win-crt-string-l1-1-0.dll
0x0000029c8db40000 - 0x0000029c8db43000 	D:\Dev\Foodify\Java\Foodify\lib\javafx-sdk-20.0.1\bin\api-ms-win-crt-time-l1-1-0.dll
0x0000029c8db50000 - 0x0000029c8db53000 	D:\Dev\Foodify\Java\Foodify\lib\javafx-sdk-20.0.1\bin\api-ms-win-crt-utility-l1-1-0.dll
0x00007ffd17530000 - 0x00007ffd1762c000 	D:\Dev\Foodify\Java\Foodify\lib\javafx-sdk-20.0.1\bin\ucrtbase.dll
0x00007ffd176e0000 - 0x00007ffd176fb000 	D:\Dev\Foodify\Java\Foodify\lib\javafx-sdk-20.0.1\bin\vcruntime140.dll
0x00007ffd29d00000 - 0x00007ffd29d0c000 	D:\Dev\Foodify\Java\Foodify\lib\javafx-sdk-20.0.1\bin\vcruntime140_1.dll
0x00007ffd17650000 - 0x00007ffd176de000 	D:\Dev\Foodify\Java\Foodify\lib\javafx-sdk-20.0.1\bin\msvcp140.dll
0x00007ffd1b360000 - 0x00007ffd1b369000 	D:\Dev\Foodify\Java\Foodify\lib\javafx-sdk-20.0.1\bin\msvcp140_1.dll
0x00007ffd17500000 - 0x00007ffd17530000 	D:\Dev\Foodify\Java\Foodify\lib\javafx-sdk-20.0.1\bin\msvcp140_2.dll
0x00007ffd174d0000 - 0x00007ffd174ff000 	D:\Dev\Foodify\Java\Foodify\lib\javafx-sdk-20.0.1\bin\prism_d3d.dll
0x00007ffd05f60000 - 0x00007ffd0612d000 	C:\WINDOWS\system32\d3d9.dll
0x00007ffd2e5d0000 - 0x00007ffd2e5ff000 	C:\WINDOWS\SYSTEM32\dwmapi.dll
0x00007ffd2e240000 - 0x00007ffd2e2de000 	C:\WINDOWS\system32\uxtheme.dll
0x00007ffd26200000 - 0x00007ffd26302000 	C:\WINDOWS\System32\DriverStore\FileRepository\nvmd.inf_amd64_1408eaf9a25ed64f\nvldumdx.dll
0x00007ffd30900000 - 0x00007ffd30912000 	C:\WINDOWS\SYSTEM32\msasn1.dll
0x00007ffd2b090000 - 0x00007ffd2b0c1000 	C:\WINDOWS\SYSTEM32\cryptnet.dll
0x00007ffd30d80000 - 0x00007ffd30ede000 	C:\WINDOWS\System32\CRYPT32.dll
0x00007ffd306e0000 - 0x00007ffd306ec000 	C:\WINDOWS\SYSTEM32\cryptbase.dll
0x00007ffd30d10000 - 0x00007ffd30d77000 	C:\WINDOWS\System32\WINTRUST.DLL
0x00007ffd335d0000 - 0x00007ffd335ed000 	C:\WINDOWS\System32\imagehlp.dll
0x00007ffd306c0000 - 0x00007ffd306d8000 	C:\WINDOWS\SYSTEM32\CRYPTSP.dll
0x00007ffd2fd80000 - 0x00007ffd2fdb4000 	C:\WINDOWS\system32\rsaenh.dll
0x00007ffd30ee0000 - 0x00007ffd30f07000 	C:\WINDOWS\System32\bcrypt.dll
0x00007ffcb0280000 - 0x00007ffcb1c9c000 	C:\WINDOWS\System32\DriverStore\FileRepository\nvmd.inf_amd64_1408eaf9a25ed64f\nvd3dumx.dll
0x00007ffd17480000 - 0x00007ffd174c2000 	D:\Dev\Foodify\Java\Foodify\lib\javafx-sdk-20.0.1\bin\glass.dll
0x00007ffd317a0000 - 0x00007ffd3187a000 	C:\WINDOWS\System32\COMDLG32.dll
0x00007ffd332f0000 - 0x00007ffd3341a000 	C:\WINDOWS\System32\ole32.dll
0x00007ffd31880000 - 0x00007ffd3194d000 	C:\WINDOWS\System32\OLEAUT32.dll
0x00007ffd32360000 - 0x00007ffd32474000 	C:\WINDOWS\System32\MSCTF.dll
0x00007ffd2f5a0000 - 0x00007ffd2f5c3000 	C:\WINDOWS\SYSTEM32\gpapi.dll
0x00007ffd274d0000 - 0x00007ffd2750b000 	C:\WINDOWS\SYSTEM32\dxcore.dll
0x00007ffd30f10000 - 0x00007ffd30f5e000 	C:\WINDOWS\System32\cfgmgr32.dll
0x00007ffd17460000 - 0x00007ffd17474000 	D:\Dev\Foodify\Java\Foodify\lib\javafx-sdk-20.0.1\bin\javafx_font.dll
0x00007ffd2c460000 - 0x00007ffd2c6df000 	C:\WINDOWS\SYSTEM32\dwrite.dll
0x00007ffd301c0000 - 0x00007ffd3028b000 	C:\WINDOWS\SYSTEM32\DNSAPI.dll
0x00007ffd30170000 - 0x00007ffd301ac000 	C:\WINDOWS\SYSTEM32\IPHLPAPI.DLL
0x00007ffd32160000 - 0x00007ffd32168000 	C:\WINDOWS\System32\NSI.dll
0x00007ffd20950000 - 0x00007ffd2095a000 	C:\Windows\System32\rasadhlp.dll
0x00007ffd20c10000 - 0x00007ffd20c92000 	C:\WINDOWS\System32\fwpuclnt.dll
0x00007ffd31690000 - 0x00007ffd31739000 	C:\WINDOWS\System32\clbcatq.dll
0x00007ffd27880000 - 0x00007ffd27a34000 	C:\WINDOWS\SYSTEM32\WindowsCodecs.dll
0x00007ffd014d0000 - 0x00007ffd0150e000 	C:\WINDOWS\system32\dataexchange.dll
0x00007ffd2cc60000 - 0x00007ffd2cec3000 	C:\WINDOWS\system32\d3d11.dll

dbghelp: loaded successfully - version: 4.0.5 - missing functions: none
symbol engine: initialized successfully - sym options: 0x614 - pdb path: .;C:\Users\Logan\.jdks\openjdk-20.0.1\bin;C:\WINDOWS\SYSTEM32;C:\WINDOWS\WinSxS\amd64_microsoft.windows.common-controls_6595b64144ccf1df_6.0.19041.1110_none_60b5254171f9507e;C:\Users\Logan\.jdks\openjdk-20.0.1\bin\server;C:\Program Files\JetBrains\IntelliJ IDEA Community Edition 2022.1.2\bin;D:\Dev\Foodify\Java\Foodify\lib\javafx-sdk-20.0.1\bin;C:\WINDOWS\System32\DriverStore\FileRepository\nvmd.inf_amd64_1408eaf9a25ed64f;C:\Program Files\Common Files\Microsoft Shared\Ink

VM Arguments:
jvm_args: --module-path=lib\javafx-sdk-20.0.1\lib --add-modules=javafx.controls,javafx.fxml -javaagent:C:\Program Files\JetBrains\IntelliJ IDEA Community Edition 2022.1.2\lib\idea_rt.jar=50267:C:\Program Files\JetBrains\IntelliJ IDEA Community Edition 2022.1.2\bin -Dfile.encoding=UTF-8 
java_command: viewPackage.Foodify
java_class_path (initial): D:\Dev\Foodify\Java\Foodify\out\production\Foodify;D:\Dev\Foodify\Java\Foodify\lib\mysql-connector-j-8.0.33.jar;D:\Dev\Foodify\Java\Foodify\lib\javafx-sdk-20.0.1\lib\javafx-swt.jar;D:\Dev\Foodify\Java\Foodify\lib\javafx-sdk-20.0.1\lib\javafx.web.jar;D:\Dev\Foodify\Java\Foodify\lib\javafx-sdk-20.0.1\lib\javafx.base.jar;D:\Dev\Foodify\Java\Foodify\lib\javafx-sdk-20.0.1\lib\javafx.fxml.jar;D:\Dev\Foodify\Java\Foodify\lib\javafx-sdk-20.0.1\lib\javafx.media.jar;D:\Dev\Foodify\Java\Foodify\lib\javafx-sdk-20.0.1\lib\javafx.swing.jar;D:\Dev\Foodify\Java\Foodify\lib\javafx-sdk-20.0.1\lib\javafx.controls.jar;D:\Dev\Foodify\Java\Foodify\lib\javafx-sdk-20.0.1\lib\javafx.graphics.jar
Launcher Type: SUN_STANDARD

[Global flags]
     intx CICompilerCount                          = 12                                        {product} {ergonomic}
     uint ConcGCThreads                            = 5                                         {product} {ergonomic}
     uint G1ConcRefinementThreads                  = 18                                        {product} {ergonomic}
   size_t G1HeapRegionSize                         = 4194304                                   {product} {ergonomic}
    uintx GCDrainStackTargetSize                   = 64                                        {product} {ergonomic}
   size_t InitialHeapSize                          = 536870912                                 {product} {ergonomic}
   size_t MarkStackSize                            = 4194304                                   {product} {ergonomic}
   size_t MaxHeapSize                              = 8573157376                                {product} {ergonomic}
   size_t MaxNewSize                               = 5142216704                                {product} {ergonomic}
   size_t MinHeapDeltaBytes                        = 4194304                                   {product} {ergonomic}
   size_t MinHeapSize                              = 8388608                                   {product} {ergonomic}
    uintx NonNMethodCodeHeapSize                   = 7602480                                {pd product} {ergonomic}
    uintx NonProfiledCodeHeapSize                  = 122027880                              {pd product} {ergonomic}
    uintx ProfiledCodeHeapSize                     = 122027880                              {pd product} {ergonomic}
    uintx ReservedCodeCacheSize                    = 251658240                              {pd product} {ergonomic}
     bool SegmentedCodeCache                       = true                                      {product} {ergonomic}
   size_t SoftMaxHeapSize                          = 8573157376                             {manageable} {ergonomic}
     bool UseCompressedClassPointers               = true                           {product lp64_product} {ergonomic}
     bool UseCompressedOops                        = true                           {product lp64_product} {ergonomic}
     bool UseG1GC                                  = true                                      {product} {ergonomic}
     bool UseLargePagesIndividualAllocation        = false                                  {pd product} {ergonomic}

Logging:
Log output configuration:
 #0: stdout all=off uptime,level,tags foldmultilines=false
 #1: stderr all=off uptime,level,tags foldmultilines=false

Environment Variables:
PATH=C:\Program Files (x86)\Common Files\Intel\Shared Libraries\redist\intel64\compiler;C:\Program Files\Eclipse Adoptium\jdk-17.0.7.7-hotspot\bin;C:\VulkanSDK\1.3.216.0\Bin;C:\VulkanSDK\1.2.198.1\Bin;C:\Program Files (x86)\Common Files\Oracle\Java\javapath;C:\Windows\system32;C:\Windows;C:\Windows\System32\Wbem;C:\Windows\System32\WindowsPowerShell\v1.0\;C:\Windows\System32\OpenSSH\;C:\Program Files\dotnet\;C:\Program Files\Git\cmd;C:\Program Files\nodejs\;C:\Program Files\CMake\bin;C:\Program Files (x86)\NVIDIA Corporation\PhysX\Common;C:\WINDOWS\system32;C:\WINDOWS;C:\WINDOWS\System32\Wbem;C:\WINDOWS\System32\WindowsPowerShell\v1.0\;C:\WINDOWS\System32\OpenSSH\;C:\Program Files\PuTTY\;C:\Program Files\Perforce\;C:\Users\Logan\AppData\Local\Programs\Python\Python310\Scripts\;C:\Users\Logan\AppData\Local\Programs\Python\Python310\;C:\Users\Logan\AppData\Local\Microsoft\WindowsApps;C:\Users\Logan\AppData\Local\Programs\Microsoft VS Code\bin;C:\Users\Logan\.dotnet\tools;C:\Users\Logan\AppData\Roaming\npm;C:\msys64\mingw64\bin;C:\msys64\usr\bin;
USERNAME=Logan
OS=Windows_NT
PROCESSOR_IDENTIFIER=AMD64 Family 25 Model 33 Stepping 2, AuthenticAMD
TMP=C:\Users\Logan\AppData\Local\Temp
TEMP=C:\Users\Logan\AppData\Local\Temp




---------------  S Y S T E M  ---------------

OS:
 Windows 10 , 64 bit Build 19041 (10.0.19041.2913)
OS uptime: 0 days 4:16 hours

CPU: total 24 (initial active 24) (24 cores per cpu, 2 threads per core) family 25 model 33 stepping 2 microcode 0x0, cx8, cmov, fxsr, ht, mmx, 3dnowpref, sse, sse2, sse3, ssse3, sse4a, sse4.1, sse4.2, popcnt, lzcnt, tsc, tscinvbit, avx, avx2, aes, erms, clmul, bmi1, bmi2, adx, sha, fma, vzeroupper, clflush, clflushopt, rdtscp, rdpid, fsrm, f16c, pku, cet_ss

Memory: 4k page, system-wide physical 32693M (21540M free)
TotalPageFile size 34741M (AvailPageFile size 19116M)
current process WorkingSet (physical memory assigned to process): 160M, peak: 160M
current process commit charge ("private bytes"): 699M, peak: 699M

vm_info: OpenJDK 64-Bit Server VM (20.0.1+9-29) for windows-amd64 JRE (20.0.1+9-29), built on 2023-03-07T13:56:11Z by "mach5one" with MS VC++ 17.1 (VS2022)

END.
