#
# A fatal error has been detected by the Java Runtime Environment:
#
#  EXCEPTION_ACCESS_VIOLATION (0xc0000005) at pc=0x00007ffd17346407, pid=16140, tid=20088
#
# JRE version: OpenJDK Runtime Environment (20.0.1+9) (build 20.0.1+9-29)
# Java VM: OpenJDK 64-Bit Server VM (20.0.1+9-29, mixed mode, sharing, tiered, compressed oops, compressed class ptrs, g1 gc, windows-amd64)
# Problematic frame:
# C  [glass.dll+0x26407]
#
# No core dump will be written. Minidumps are not enabled by default on client versions of Windows
#
# If you would like to submit a bug report, please visit:
#   https://bugreport.java.com/bugreport/crash.jsp
#

---------------  S U M M A R Y ------------

Command Line: --module-path=lib\javafx-sdk-20.0.1\lib --add-modules=javafx.controls,javafx.fxml -javaagent:C:\Program Files\JetBrains\IntelliJ IDEA Community Edition 2022.1.2\lib\idea_rt.jar=50842:C:\Program Files\JetBrains\IntelliJ IDEA Community Edition 2022.1.2\bin -Dfile.encoding=UTF-8 viewPackage.Foodify

Host: AMD Ryzen 9 5900X 12-Core Processor            , 24 cores, 31G,  Windows 10 , 64 bit Build 19041 (10.0.19041.2913)
Time: Tue May 16 00:24:58 2023 Paris, Madrid (heure duild 19041 (10.0.19041.2913) elapsed time: 2.085412 seconds (0d 0h 0m 2s)

---------------  T H R E A D  ---------------

Current thread (0x0000022a41d2d7b0):  VMThread "VM Thread" [stack: 0x0000009ea1100000,0x0000009ea1200000] [id=20088]

Stack: [0x0000009ea1100000,0x0000009ea1200000],  sp=0x0000009ea11ff090,  free space=1020k
Native frames: (J=compiled Java code, j=interpreted, Vv=VM code, C=native code)
C  [glass.dll+0x26407]


siginfo: EXCEPTION_ACCESS_VIOLATION (0xc0000005), reading address 0x0000000000000000


Registers:
RAX=0x0000000000000000, RBX=0x0000022a6717dd68, RCX=0x0000022a41d2d7b0, RDX=0x0000009ea11ff090
RSP=0x0000009ea11ff090, RBP=0x0000022a6d487438, RSI=0x0000022a6d487410, RDI=0x0000af4ee018d77b
R8 =0x0000000000010002, R9 =0x0000af4ee018d77b, R10=0x0000000000008000, R11=0x0000009ea11ff020
R12=0x00007ffd17343d40, R13=0x00007ffd08a7ea90, R14=0x0000009ea11ff188, R15=0x0000022a6d487410
RIP=0x00007ffd17346407, EFLAGS=0x0000000000010206


Register to memory mapping:

RIP=0x00007ffd17346407 glass.dll
RAX=0x0 is NULL
RBX=0x0000022a6717dd68 is a global jni handle
RCX=0x0000022a41d2d7b0 points into unknown readable memory: 0x00007ffd088a7080 | 80 70 8a 08 fd 7f 00 00
RDX=0x0000009ea11ff090 points into unknown readable memory: 0x0000000000000000 | 00 00 00 00 00 00 00 00
RSP=0x0000009ea11ff090 points into unknown readable memory: 0x0000000000000000 | 00 00 00 00 00 00 00 00
RBP=0x0000022a6d487438 points into unknown readable memory: 0x0000af4ee018d77b | 7b d7 18 e0 4e af 00 00
RSI=0x0000022a6d487410 points into unknown readable memory: 0xc000acb108a176b9 | b9 76 a1 08 b1 ac 00 c0
RDI=0x0000af4ee018d77b is an unknown value
R8 =0x0000000000010002 is an unknown value
R9 =0x0000af4ee018d77b is an unknown value
R10=0x0000000000008000 is an unknown value
R11=0x0000009ea11ff020 points into unknown readable memory: 0x0000022a6d487410 | 10 74 48 6d 2a 02 00 00
R12=0x00007ffd17343d40 glass.dll
R13=0x00007ffd08a7ea90 jvm.dll
R14=0x0000009ea11ff188 points into unknown readable memory: 0x0000009ea11ff170 | 70 f1 1f a1 9e 00 00 00
R15=0x0000022a6d487410 points into unknown readable memory: 0xc000acb108a176b9 | b9 76 a1 08 b1 ac 00 c0


Top of Stack: (sp=0x0000009ea11ff090)
0x0000009ea11ff090:   0000000000000000 0000022a6d487410
0x0000009ea11ff0a0:   00007ffd08a7ea90 00007ffd17343d40
0x0000009ea11ff0b0:   0000022a6d487418 00007ffd312042d6
0x0000009ea11ff0c0:   0000af4ee018d77b 0000022a00000000
0x0000009ea11ff0d0:   0000022a6d487438 0000022a6d487410
0x0000009ea11ff0e0:   fffffffffffffffe 0000000000000000
0x0000009ea11ff0f0:   0000000000000001 00007ffd17320000
0x0000009ea11ff100:   0000009ea11ff178 00007ffd312041fb
0x0000009ea11ff110:   0000000000000000 0000009ea11ff188
0x0000009ea11ff120:   0000009ea11ff450 00007ffd312e0e40
0x0000009ea11ff130:   0000000000000001 00007ffd312041b4
0x0000009ea11ff140:   0000000000000000 0000000000000001
0x0000009ea11ff150:   0000000000000000 0000009ea11ff178
0x0000009ea11ff160:   0000000000000001 00007ffd17343bcd
0x0000009ea11ff170:   00007ffd17359f88 00007ffd00000002
0x0000009ea11ff180:   0000000000000002 0000009ea11ff170
0x0000009ea11ff190:   0000000000000000 00007ffd33649993
0x0000009ea11ff1a0:   0000000000000000 00007ffd17343cf2
0x0000009ea11ff1b0:   0000000000000001 0000000000000000
0x0000009ea11ff1c0:   0000000000000000 0000000000000001
0x0000009ea11ff1d0:   0000000000000000 0000000000000000
0x0000009ea11ff1e0:   0000000000000001 0000024d7fb49525
0x0000009ea11ff1f0:   00007ffd17320000 000000007ffe0384
0x0000009ea11ff200:   0000000000000000 00007ffd33649a1d
0x0000009ea11ff210:   00007ffd17320000 0000000000000000
0x0000009ea11ff220:   0000000000000001 000000007ffe0385
0x0000009ea11ff230:   0000000002360fb8 0000009ea11ff450
0x0000009ea11ff240:   0000024d00000000 0000000000000014
0x0000009ea11ff250:   0000000000000000 00007ffd17343d40
0x0000009ea11ff260:   00000000000003d8 0000022a6ca7b870
0x0000009ea11ff270:   0000022a67168a00 00007ffd3368dcec
0x0000009ea11ff280:   0000022a6ca7a680 00007ffd17320000 

Instructions: (pc=0x00007ffd17346407)
0x00007ffd17346307:   8b 4d 58 e8 7d cf ff ff 48 8b 4d 60 e8 74 cf ff
0x00007ffd17346317:   ff 48 8b 95 80 00 00 00 48 8b 8d 18 01 00 00 e8
0x00007ffd17346327:   66 c4 ff ff 33 d2 33 c9 e8 bc e1 ff ff 90 48 89
0x00007ffd17346337:   54 24 10 55 48 83 ec 20 48 8b ea 48 b8 00 00 00
0x00007ffd17346347:   00 00 00 00 00 48 83 c4 20 5d c3 cc 40 55 48 8b
0x00007ffd17346357:   ea 48 8b 01 33 c9 81 38 05 00 00 c0 0f 94 c1 8b
0x00007ffd17346367:   c1 5d c3 cc 40 55 48 83 ec 20 48 8b ea 8a 4d 40
0x00007ffd17346377:   48 83 c4 20 5d e9 63 d3 ff ff cc 40 55 48 83 ec
0x00007ffd17346387:   20 48 8b ea 8a 4d 20 e8 51 d3 ff ff 90 48 83 c4
0x00007ffd17346397:   20 5d c3 cc 40 55 48 83 ec 20 48 8b ea 48 83 c4
0x00007ffd173463a7:   20 5d e9 b2 d1 ff ff cc 40 55 48 83 ec 30 48 8b
0x00007ffd173463b7:   ea 48 8b 01 8b 10 48 89 4c 24 28 89 54 24 20 4c
0x00007ffd173463c7:   8d 0d 53 d6 ff ff 4c 8b 45 70 8b 55 68 48 8b 4d
0x00007ffd173463d7:   60 e8 f3 d0 ff ff 90 48 83 c4 30 5d c3 cc cc cc
0x00007ffd173463e7:   cc cc cc cc cc cc cc cc cc 40 53 48 83 ec 20 48
0x00007ffd173463f7:   8b 1d 8b 35 01 00 48 85 db 74 16 e8 79 8b ff ff
0x00007ffd17346407:   4c 8b 00 48 8b d3 48 8b c8 41 ff 90 b0 00 00 00
0x00007ffd17346417:   90 48 83 c4 20 5b c3 cc cc 40 53 48 83 ec 20 48
0x00007ffd17346427:   8b 1d fb 36 01 00 48 85 db 74 57 b8 ff ff ff ff
0x00007ffd17346437:   f0 0f c1 43 10 83 f8 01 75 3d 48 85 db 74 38 48
0x00007ffd17346447:   8b 0b 48 85 c9 74 0d ff 15 54 0e 00 00 48 c7 03
0x00007ffd17346457:   00 00 00 00 48 8b 4b 08 48 85 c9 74 0d e8 23 ce
0x00007ffd17346467:   ff ff 48 c7 43 08 00 00 00 00 ba 18 00 00 00 48
0x00007ffd17346477:   8b cb e8 0e ce ff ff 48 c7 05 9f 36 01 00 00 00
0x00007ffd17346487:   00 00 48 83 c4 20 5b c3 cc 40 53 48 83 ec 20 48
0x00007ffd17346497:   8b 1d 6b 36 01 00 48 85 db 74 57 b8 ff ff ff ff
0x00007ffd173464a7:   f0 0f c1 43 10 83 f8 01 75 3d 48 85 db 74 38 48
0x00007ffd173464b7:   8b 0b 48 85 c9 74 0d ff 15 e4 0d 00 00 48 c7 03
0x00007ffd173464c7:   00 00 00 00 48 8b 4b 08 48 85 c9 74 0d e8 b3 cd
0x00007ffd173464d7:   ff ff 48 c7 43 08 00 00 00 00 ba 18 00 00 00 48
0x00007ffd173464e7:   8b cb e8 9e cd ff ff 48 c7 05 0f 36 01 00 00 00
0x00007ffd173464f7:   00 00 48 83 c4 20 5b c3 cc 40 53 48 83 ec 20 48 


Stack slot to memory mapping:
stack at sp + 0 slots: 0x0 is NULL
stack at sp + 1 slots: 0x0000022a6d487410 points into unknown readable memory: 0xc000acb108a176b9 | b9 76 a1 08 b1 ac 00 c0
stack at sp + 2 slots: 0x00007ffd08a7ea90 jvm.dll
stack at sp + 3 slots: 0x00007ffd17343d40 glass.dll
stack at sp + 4 slots: 0x0000022a6d487418 points into unknown readable memory: 0x0000af4ee018d77b | 7b d7 18 e0 4e af 00 00
stack at sp + 5 slots: 0x00007ffd312042d6 ucrtbase.dll
stack at sp + 6 slots: 0x0000af4ee018d77b is an unknown value
stack at sp + 7 slots: 0x0000022a00000000 is an unknown value

VM_Operation (0x0000009ea2afb2b0): Exit, mode: safepoint, requested by thread 0x0000022a6d756c20


---------------  P R O C E S S  ---------------

Threads class SMR info:
_java_thread_list=0x0000022a6dbf9ac0, length=23, elements={
0x0000022a41d0bc50, 0x0000022a6718eec0, 0x0000022a6718fcc0, 0x0000022a67193540,
0x0000022a67195720, 0x0000022a67198c90, 0x0000022a6719a200, 0x0000022a671a8d70,
0x0000022a68259ff0, 0x0000022a683245c0, 0x0000022a683680d0, 0x0000022a6841eab0,
0x0000022a6841f040, 0x0000022a6d69cdf0, 0x0000022a6d02a490, 0x0000022a6d7566d0,
0x0000022a6d756180, 0x0000022a6d756c20, 0x0000022a6d757170, 0x0000022a6d758c00,
0x0000022a6d7576c0, 0x0000022a6d7586b0, 0x0000022a6d7556e0
}

Java Threads: ( => current thread )
  0x0000022a41d0bc50 JavaThread "main" [_thread_blocked, id=17432, stack(0x0000009ea0b00000,0x0000009ea0c00000)]
  0x0000022a6718eec0 JavaThread "Reference Handler" daemon [_thread_blocked, id=14972, stack(0x0000009ea1200000,0x0000009ea1300000)]
  0x0000022a6718fcc0 JavaThread "Finalizer" daemon [_thread_blocked, id=14616, stack(0x0000009ea1300000,0x0000009ea1400000)]
  0x0000022a67193540 JavaThread "Signal Dispatcher" daemon [_thread_blocked, id=20560, stack(0x0000009ea1400000,0x0000009ea1500000)]
  0x0000022a67195720 JavaThread "Attach Listener" daemon [_thread_blocked, id=10072, stack(0x0000009ea1500000,0x0000009ea1600000)]
  0x0000022a67198c90 JavaThread "Service Thread" daemon [_thread_blocked, id=20232, stack(0x0000009ea1600000,0x0000009ea1700000)]
  0x0000022a6719a200 JavaThread "Monitor Deflation Thread" daemon [_thread_blocked, id=20588, stack(0x0000009ea1700000,0x0000009ea1800000)]
  0x0000022a671a8d70 JavaThread "C2 CompilerThread0" daemon [_thread_blocked, id=7568, stack(0x0000009ea1800000,0x0000009ea1900000)]
  0x0000022a68259ff0 JavaThread "C1 CompilerThread0" daemon [_thread_blocked, id=15724, stack(0x0000009ea1900000,0x0000009ea1a00000)]
  0x0000022a683245c0 JavaThread "Common-Cleaner" daemon [_thread_blocked, id=16052, stack(0x0000009ea1a00000,0x0000009ea1b00000)]
  0x0000022a683680d0 JavaThread "C1 CompilerThread1" daemon [_thread_blocked, id=11260, stack(0x0000009ea1b00000,0x0000009ea1c00000)]
  0x0000022a6841eab0 JavaThread "C1 CompilerThread2" daemon [_thread_blocked, id=10536, stack(0x0000009ea1c00000,0x0000009ea1d00000)]
  0x0000022a6841f040 JavaThread "C1 CompilerThread3" daemon [_thread_blocked, id=18560, stack(0x0000009ea1d00000,0x0000009ea1e00000)]
  0x0000022a6d69cdf0 JavaThread "Monitor Ctrl-Break" daemon [_thread_in_native, id=7372, stack(0x0000009ea2400000,0x0000009ea2500000)]
  0x0000022a6d02a490 JavaThread "Notification Thread" daemon [_thread_blocked, id=7376, stack(0x0000009ea2500000,0x0000009ea2600000)]
  0x0000022a6d7566d0 JavaThread "QuantumRenderer-0" daemon [_thread_blocked, id=7368, stack(0x0000009ea2700000,0x0000009ea2800000)]
  0x0000022a6d756180 JavaThread "InvokeLaterDispatcher" daemon [_thread_blocked, id=15940, stack(0x0000009ea2900000,0x0000009ea2a00000)]
  0x0000022a6d756c20 JavaThread "JavaFX Application Thread" [_thread_blocked, id=18924, stack(0x0000009ea2a00000,0x0000009ea2b00000)]
  0x0000022a6d757170 JavaThread "JavaFX-Launcher" [_thread_blocked, id=5856, stack(0x0000009ea2d00000,0x0000009ea2e00000)]
  0x0000022a6d758c00 JavaThread "Thread-2" daemon [_thread_in_native, id=5032, stack(0x0000009ea2c00000,0x0000009ea2d00000)]
  0x0000022a6d7576c0 JavaThread "mysql-cj-abandoned-connection-cleanup" daemon [_thread_blocked, id=7884, stack(0x0000009ea3900000,0x0000009ea3a00000)]
  0x0000022a6d7586b0 JavaThread "Prism Font Disposer" daemon [_thread_blocked, id=4788, stack(0x0000009ea3e00000,0x0000009ea3f00000)]
  0x0000022a6d7556e0 JavaThread "Cleaner-0" daemon [_thread_blocked, id=17340, stack(0x0000009ea4050000,0x0000009ea4150000)]

Other Threads:
=>0x0000022a41d2d7b0 VMThread "VM Thread" [stack: 0x0000009ea1100000,0x0000009ea1200000] [id=20088]
  0x0000022a41d2d210 WorkerThread "GC Thread#0" [stack: 0x0000009ea0c00000,0x0000009ea0d00000] [id=18152]
  0x0000022a41d2e5c0 WorkerThread "GC Thread#1" [stack: 0x0000009ea2e00000,0x0000009ea2f00000] [id=2756]
  0x0000022a41d2eb60 WorkerThread "GC Thread#2" [stack: 0x0000009ea2f00000,0x0000009ea3000000] [id=7544]
  0x0000022a6dc40e90 WorkerThread "GC Thread#3" [stack: 0x0000009ea3000000,0x0000009ea3100000] [id=2936]
  0x0000022a6dc3fdb0 WorkerThread "GC Thread#4" [stack: 0x0000009ea3100000,0x0000009ea3200000] [id=8196]
  0x0000022a6dc3fae0 WorkerThread "GC Thread#5" [stack: 0x0000009ea3200000,0x0000009ea3300000] [id=8200]
  0x0000022a6dc41f70 WorkerThread "GC Thread#6" [stack: 0x0000009ea3300000,0x0000009ea3400000] [id=13168]
  0x0000022a6dc3f810 WorkerThread "GC Thread#7" [stack: 0x0000009ea3400000,0x0000009ea3500000] [id=7552]
  0x0000022a6dc43050 WorkerThread "GC Thread#8" [stack: 0x0000009ea3500000,0x0000009ea3600000] [id=15280]
  0x0000022a6dc40080 WorkerThread "GC Thread#9" [stack: 0x0000009ea3600000,0x0000009ea3700000] [id=7348]
  0x0000022a6dc40350 WorkerThread "GC Thread#10" [stack: 0x0000009ea3700000,0x0000009ea3800000] [id=7764]
  0x0000022a6dc427e0 WorkerThread "GC Thread#11" [stack: 0x0000009ea3800000,0x0000009ea3900000] [id=7636]
  0x0000022a6dc40620 WorkerThread "GC Thread#12" [stack: 0x0000009ea3d00000,0x0000009ea3e00000] [id=12940]
  0x0000022a41dd2b30 ConcurrentGCThread "G1 Main Marker" terminated
  0x0000022a41d2dd50 WorkerThread "G1 Conc#0" [stack: 0x0000009ea0e00000,0x0000009ea0f00000] [id=13012]
  0x0000022a6709e600 ConcurrentGCThread "G1 Refine#0" terminated
  0x0000022a6709f0a0 ConcurrentGCThread "G1 Service" terminated

Threads with active compile tasks:
C1 CompilerThread0     2154 2421       3       java.lang.invoke.LambdaProxyClassArchive::find (63 bytes)
C1 CompilerThread1     2155 2422       3       java.lang.invoke.LambdaProxyClassArchive::loadedByBuiltinLoader (22 bytes)
C1 CompilerThread3     2155 2423       3       jdk.internal.misc.CDS::isSharingEnabled (4 bytes)

VM state: at safepoint (shutting down)

VM Mutex/Monitor currently owned by a thread:  ([mutex/lock_event])
[0x0000022a41d08c10] Threads_lock - owner thread: 0x0000022a41d2d7b0
[0x0000022a41d07c50] Heap_lock - owner thread: 0x0000022a6d756c20

Heap address: 0x0000000601000000, size: 8176 MB, Compressed Oops mode: Zero based, Oop shift amount: 3

CDS archive(s) mapped at: [0x0000000800000000-0x0000000800c60000-0x0000000800c60000), size 12976128, SharedBaseAddress: 0x0000000800000000, ArchiveRelocationMode: 0.
Compressed class space mapped at: 0x0000000801000000-0x0000000841000000, reserved size: 1073741824
Narrow klass base: 0x0000000800000000, Narrow klass shift: 0, Narrow klass range: 0x100000000

GC Precious Log:
 CardTable entry size: 512
 Card Set container configuration: InlinePtr #cards 4 size 8 Array Of Cards #cards 32 size 80 Howl #buckets 8 coarsen threshold 7372 Howl Bitmap #cards 1024 size 144 coarsen threshold 921 Card regions per heap region 1 cards per card region 8192
 CPUs: 24 total, 24 available
 Memory: 32693M
 Large Page Support: Disabled
 NUMA Support: Disabled
 Compressed Oops: Enabled (Zero based)
 Heap Region Size: 4M
 Heap Min Capacity: 8M
 Heap Initial Capacity: 512M
 Heap Max Capacity: 8176M
 Pre-touch: Disabled
 Parallel Workers: 18
 Concurrent Workers: 5
 Concurrent Refinement Workers: 18
 Periodic GC: Disabled

Heap:
 garbage-first heap   total 524288K, used 24874K [0x0000000601000000, 0x0000000800000000)
  region size 4096K, 6 young (24576K), 2 survivors (8192K)
 Metaspace       used 16587K, committed 16896K, reserved 1114112K
  class space    used 2191K, committed 2368K, reserved 1048576K

Heap Regions: E=young(eden), S=young(survivor), O=old, HS=humongous(starts), HC=humongous(continues), CS=collection set, F=free, OA=open archive, CA=closed archive, TAMS=top-at-mark-start, PB=parsable bottom
|   0|0x0000000601000000, 0x0000000601400000, 0x0000000601400000|100%| O|  |TAMS 0x0000000601000000| PB 0x0000000601000000| Untracked 
|   1|0x0000000601400000, 0x000000060144aa00, 0x0000000601800000|  7%| O|  |TAMS 0x0000000601400000| PB 0x0000000601400000| Untracked 
|   2|0x0000000601800000, 0x0000000601800000, 0x0000000601c00000|  0%| F|  |TAMS 0x0000000601800000| PB 0x0000000601800000| Untracked 
|   3|0x0000000601c00000, 0x0000000601c00000, 0x0000000602000000|  0%| F|  |TAMS 0x0000000601c00000| PB 0x0000000601c00000| Untracked 
|   4|0x0000000602000000, 0x0000000602000000, 0x0000000602400000|  0%| F|  |TAMS 0x0000000602000000| PB 0x0000000602000000| Untracked 
|   5|0x0000000602400000, 0x0000000602400000, 0x0000000602800000|  0%| F|  |TAMS 0x0000000602400000| PB 0x0000000602400000| Untracked 
|   6|0x0000000602800000, 0x0000000602800000, 0x0000000602c00000|  0%| F|  |TAMS 0x0000000602800000| PB 0x0000000602800000| Untracked 
|   7|0x0000000602c00000, 0x0000000602c00000, 0x0000000603000000|  0%| F|  |TAMS 0x0000000602c00000| PB 0x0000000602c00000| Untracked 
|   8|0x0000000603000000, 0x0000000603000000, 0x0000000603400000|  0%| F|  |TAMS 0x0000000603000000| PB 0x0000000603000000| Untracked 
|   9|0x0000000603400000, 0x0000000603400000, 0x0000000603800000|  0%| F|  |TAMS 0x0000000603400000| PB 0x0000000603400000| Untracked 
|  10|0x0000000603800000, 0x0000000603800000, 0x0000000603c00000|  0%| F|  |TAMS 0x0000000603800000| PB 0x0000000603800000| Untracked 
|  11|0x0000000603c00000, 0x0000000603c00000, 0x0000000604000000|  0%| F|  |TAMS 0x0000000603c00000| PB 0x0000000603c00000| Untracked 
|  12|0x0000000604000000, 0x0000000604000000, 0x0000000604400000|  0%| F|  |TAMS 0x0000000604000000| PB 0x0000000604000000| Untracked 
|  13|0x0000000604400000, 0x0000000604400000, 0x0000000604800000|  0%| F|  |TAMS 0x0000000604400000| PB 0x0000000604400000| Untracked 
|  14|0x0000000604800000, 0x0000000604800000, 0x0000000604c00000|  0%| F|  |TAMS 0x0000000604800000| PB 0x0000000604800000| Untracked 
|  15|0x0000000604c00000, 0x0000000604c00000, 0x0000000605000000|  0%| F|  |TAMS 0x0000000604c00000| PB 0x0000000604c00000| Untracked 
|  16|0x0000000605000000, 0x0000000605000000, 0x0000000605400000|  0%| F|  |TAMS 0x0000000605000000| PB 0x0000000605000000| Untracked 
|  17|0x0000000605400000, 0x0000000605400000, 0x0000000605800000|  0%| F|  |TAMS 0x0000000605400000| PB 0x0000000605400000| Untracked 
|  18|0x0000000605800000, 0x0000000605800000, 0x0000000605c00000|  0%| F|  |TAMS 0x0000000605800000| PB 0x0000000605800000| Untracked 
|  19|0x0000000605c00000, 0x0000000605c00000, 0x0000000606000000|  0%| F|  |TAMS 0x0000000605c00000| PB 0x0000000605c00000| Untracked 
|  20|0x0000000606000000, 0x0000000606000000, 0x0000000606400000|  0%| F|  |TAMS 0x0000000606000000| PB 0x0000000606000000| Untracked 
|  21|0x0000000606400000, 0x0000000606400000, 0x0000000606800000|  0%| F|  |TAMS 0x0000000606400000| PB 0x0000000606400000| Untracked 
|  22|0x0000000606800000, 0x0000000606800000, 0x0000000606c00000|  0%| F|  |TAMS 0x0000000606800000| PB 0x0000000606800000| Untracked 
|  23|0x0000000606c00000, 0x0000000606c00000, 0x0000000607000000|  0%| F|  |TAMS 0x0000000606c00000| PB 0x0000000606c00000| Untracked 
|  24|0x0000000607000000, 0x0000000607000000, 0x0000000607400000|  0%| F|  |TAMS 0x0000000607000000| PB 0x0000000607000000| Untracked 
|  25|0x0000000607400000, 0x0000000607400000, 0x0000000607800000|  0%| F|  |TAMS 0x0000000607400000| PB 0x0000000607400000| Untracked 
|  26|0x0000000607800000, 0x0000000607800000, 0x0000000607c00000|  0%| F|  |TAMS 0x0000000607800000| PB 0x0000000607800000| Untracked 
|  27|0x0000000607c00000, 0x0000000607c00000, 0x0000000608000000|  0%| F|  |TAMS 0x0000000607c00000| PB 0x0000000607c00000| Untracked 
|  28|0x0000000608000000, 0x0000000608000000, 0x0000000608400000|  0%| F|  |TAMS 0x0000000608000000| PB 0x0000000608000000| Untracked 
|  29|0x0000000608400000, 0x0000000608400000, 0x0000000608800000|  0%| F|  |TAMS 0x0000000608400000| PB 0x0000000608400000| Untracked 
|  30|0x0000000608800000, 0x0000000608800000, 0x0000000608c00000|  0%| F|  |TAMS 0x0000000608800000| PB 0x0000000608800000| Untracked 
|  31|0x0000000608c00000, 0x0000000608c00000, 0x0000000609000000|  0%| F|  |TAMS 0x0000000608c00000| PB 0x0000000608c00000| Untracked 
|  32|0x0000000609000000, 0x0000000609000000, 0x0000000609400000|  0%| F|  |TAMS 0x0000000609000000| PB 0x0000000609000000| Untracked 
|  33|0x0000000609400000, 0x0000000609400000, 0x0000000609800000|  0%| F|  |TAMS 0x0000000609400000| PB 0x0000000609400000| Untracked 
|  34|0x0000000609800000, 0x0000000609800000, 0x0000000609c00000|  0%| F|  |TAMS 0x0000000609800000| PB 0x0000000609800000| Untracked 
|  35|0x0000000609c00000, 0x0000000609c00000, 0x000000060a000000|  0%| F|  |TAMS 0x0000000609c00000| PB 0x0000000609c00000| Untracked 
|  36|0x000000060a000000, 0x000000060a000000, 0x000000060a400000|  0%| F|  |TAMS 0x000000060a000000| PB 0x000000060a000000| Untracked 
|  37|0x000000060a400000, 0x000000060a400000, 0x000000060a800000|  0%| F|  |TAMS 0x000000060a400000| PB 0x000000060a400000| Untracked 
|  38|0x000000060a800000, 0x000000060a800000, 0x000000060ac00000|  0%| F|  |TAMS 0x000000060a800000| PB 0x000000060a800000| Untracked 
|  39|0x000000060ac00000, 0x000000060ac00000, 0x000000060b000000|  0%| F|  |TAMS 0x000000060ac00000| PB 0x000000060ac00000| Untracked 
|  40|0x000000060b000000, 0x000000060b000000, 0x000000060b400000|  0%| F|  |TAMS 0x000000060b000000| PB 0x000000060b000000| Untracked 
|  41|0x000000060b400000, 0x000000060b400000, 0x000000060b800000|  0%| F|  |TAMS 0x000000060b400000| PB 0x000000060b400000| Untracked 
|  42|0x000000060b800000, 0x000000060b800000, 0x000000060bc00000|  0%| F|  |TAMS 0x000000060b800000| PB 0x000000060b800000| Untracked 
|  43|0x000000060bc00000, 0x000000060bc00000, 0x000000060c000000|  0%| F|  |TAMS 0x000000060bc00000| PB 0x000000060bc00000| Untracked 
|  44|0x000000060c000000, 0x000000060c000000, 0x000000060c400000|  0%| F|  |TAMS 0x000000060c000000| PB 0x000000060c000000| Untracked 
|  45|0x000000060c400000, 0x000000060c400000, 0x000000060c800000|  0%| F|  |TAMS 0x000000060c400000| PB 0x000000060c400000| Untracked 
|  46|0x000000060c800000, 0x000000060c800000, 0x000000060cc00000|  0%| F|  |TAMS 0x000000060c800000| PB 0x000000060c800000| Untracked 
|  47|0x000000060cc00000, 0x000000060cc00000, 0x000000060d000000|  0%| F|  |TAMS 0x000000060cc00000| PB 0x000000060cc00000| Untracked 
|  48|0x000000060d000000, 0x000000060d000000, 0x000000060d400000|  0%| F|  |TAMS 0x000000060d000000| PB 0x000000060d000000| Untracked 
|  49|0x000000060d400000, 0x000000060d400000, 0x000000060d800000|  0%| F|  |TAMS 0x000000060d400000| PB 0x000000060d400000| Untracked 
|  50|0x000000060d800000, 0x000000060d800000, 0x000000060dc00000|  0%| F|  |TAMS 0x000000060d800000| PB 0x000000060d800000| Untracked 
|  51|0x000000060dc00000, 0x000000060dc00000, 0x000000060e000000|  0%| F|  |TAMS 0x000000060dc00000| PB 0x000000060dc00000| Untracked 
|  52|0x000000060e000000, 0x000000060e000000, 0x000000060e400000|  0%| F|  |TAMS 0x000000060e000000| PB 0x000000060e000000| Untracked 
|  53|0x000000060e400000, 0x000000060e400000, 0x000000060e800000|  0%| F|  |TAMS 0x000000060e400000| PB 0x000000060e400000| Untracked 
|  54|0x000000060e800000, 0x000000060e800000, 0x000000060ec00000|  0%| F|  |TAMS 0x000000060e800000| PB 0x000000060e800000| Untracked 
|  55|0x000000060ec00000, 0x000000060ec00000, 0x000000060f000000|  0%| F|  |TAMS 0x000000060ec00000| PB 0x000000060ec00000| Untracked 
|  56|0x000000060f000000, 0x000000060f000000, 0x000000060f400000|  0%| F|  |TAMS 0x000000060f000000| PB 0x000000060f000000| Untracked 
|  57|0x000000060f400000, 0x000000060f400000, 0x000000060f800000|  0%| F|  |TAMS 0x000000060f400000| PB 0x000000060f400000| Untracked 
|  58|0x000000060f800000, 0x000000060f800000, 0x000000060fc00000|  0%| F|  |TAMS 0x000000060f800000| PB 0x000000060f800000| Untracked 
|  59|0x000000060fc00000, 0x000000060fc00000, 0x0000000610000000|  0%| F|  |TAMS 0x000000060fc00000| PB 0x000000060fc00000| Untracked 
|  60|0x0000000610000000, 0x0000000610000000, 0x0000000610400000|  0%| F|  |TAMS 0x0000000610000000| PB 0x0000000610000000| Untracked 
|  61|0x0000000610400000, 0x0000000610400000, 0x0000000610800000|  0%| F|  |TAMS 0x0000000610400000| PB 0x0000000610400000| Untracked 
|  62|0x0000000610800000, 0x0000000610800000, 0x0000000610c00000|  0%| F|  |TAMS 0x0000000610800000| PB 0x0000000610800000| Untracked 
|  63|0x0000000610c00000, 0x0000000610c00000, 0x0000000611000000|  0%| F|  |TAMS 0x0000000610c00000| PB 0x0000000610c00000| Untracked 
|  64|0x0000000611000000, 0x0000000611000000, 0x0000000611400000|  0%| F|  |TAMS 0x0000000611000000| PB 0x0000000611000000| Untracked 
|  65|0x0000000611400000, 0x0000000611400000, 0x0000000611800000|  0%| F|  |TAMS 0x0000000611400000| PB 0x0000000611400000| Untracked 
|  66|0x0000000611800000, 0x0000000611800000, 0x0000000611c00000|  0%| F|  |TAMS 0x0000000611800000| PB 0x0000000611800000| Untracked 
|  67|0x0000000611c00000, 0x0000000611c00000, 0x0000000612000000|  0%| F|  |TAMS 0x0000000611c00000| PB 0x0000000611c00000| Untracked 
|  68|0x0000000612000000, 0x0000000612000000, 0x0000000612400000|  0%| F|  |TAMS 0x0000000612000000| PB 0x0000000612000000| Untracked 
|  69|0x0000000612400000, 0x0000000612400000, 0x0000000612800000|  0%| F|  |TAMS 0x0000000612400000| PB 0x0000000612400000| Untracked 
|  70|0x0000000612800000, 0x0000000612800000, 0x0000000612c00000|  0%| F|  |TAMS 0x0000000612800000| PB 0x0000000612800000| Untracked 
|  71|0x0000000612c00000, 0x0000000612c00000, 0x0000000613000000|  0%| F|  |TAMS 0x0000000612c00000| PB 0x0000000612c00000| Untracked 
|  72|0x0000000613000000, 0x0000000613000000, 0x0000000613400000|  0%| F|  |TAMS 0x0000000613000000| PB 0x0000000613000000| Untracked 
|  73|0x0000000613400000, 0x0000000613400000, 0x0000000613800000|  0%| F|  |TAMS 0x0000000613400000| PB 0x0000000613400000| Untracked 
|  74|0x0000000613800000, 0x0000000613800000, 0x0000000613c00000|  0%| F|  |TAMS 0x0000000613800000| PB 0x0000000613800000| Untracked 
|  75|0x0000000613c00000, 0x0000000613c00000, 0x0000000614000000|  0%| F|  |TAMS 0x0000000613c00000| PB 0x0000000613c00000| Untracked 
|  76|0x0000000614000000, 0x0000000614000000, 0x0000000614400000|  0%| F|  |TAMS 0x0000000614000000| PB 0x0000000614000000| Untracked 
|  77|0x0000000614400000, 0x0000000614400000, 0x0000000614800000|  0%| F|  |TAMS 0x0000000614400000| PB 0x0000000614400000| Untracked 
|  78|0x0000000614800000, 0x0000000614800000, 0x0000000614c00000|  0%| F|  |TAMS 0x0000000614800000| PB 0x0000000614800000| Untracked 
|  79|0x0000000614c00000, 0x0000000614c00000, 0x0000000615000000|  0%| F|  |TAMS 0x0000000614c00000| PB 0x0000000614c00000| Untracked 
|  80|0x0000000615000000, 0x0000000615000000, 0x0000000615400000|  0%| F|  |TAMS 0x0000000615000000| PB 0x0000000615000000| Untracked 
|  81|0x0000000615400000, 0x0000000615400000, 0x0000000615800000|  0%| F|  |TAMS 0x0000000615400000| PB 0x0000000615400000| Untracked 
|  82|0x0000000615800000, 0x0000000615800000, 0x0000000615c00000|  0%| F|  |TAMS 0x0000000615800000| PB 0x0000000615800000| Untracked 
|  83|0x0000000615c00000, 0x0000000615c00000, 0x0000000616000000|  0%| F|  |TAMS 0x0000000615c00000| PB 0x0000000615c00000| Untracked 
|  84|0x0000000616000000, 0x0000000616000000, 0x0000000616400000|  0%| F|  |TAMS 0x0000000616000000| PB 0x0000000616000000| Untracked 
|  85|0x0000000616400000, 0x0000000616400000, 0x0000000616800000|  0%| F|  |TAMS 0x0000000616400000| PB 0x0000000616400000| Untracked 
|  86|0x0000000616800000, 0x0000000616800000, 0x0000000616c00000|  0%| F|  |TAMS 0x0000000616800000| PB 0x0000000616800000| Untracked 
|  87|0x0000000616c00000, 0x0000000616c00000, 0x0000000617000000|  0%| F|  |TAMS 0x0000000616c00000| PB 0x0000000616c00000| Untracked 
|  88|0x0000000617000000, 0x0000000617000000, 0x0000000617400000|  0%| F|  |TAMS 0x0000000617000000| PB 0x0000000617000000| Untracked 
|  89|0x0000000617400000, 0x0000000617400000, 0x0000000617800000|  0%| F|  |TAMS 0x0000000617400000| PB 0x0000000617400000| Untracked 
|  90|0x0000000617800000, 0x0000000617800000, 0x0000000617c00000|  0%| F|  |TAMS 0x0000000617800000| PB 0x0000000617800000| Untracked 
|  91|0x0000000617c00000, 0x0000000617c00000, 0x0000000618000000|  0%| F|  |TAMS 0x0000000617c00000| PB 0x0000000617c00000| Untracked 
|  92|0x0000000618000000, 0x0000000618000000, 0x0000000618400000|  0%| F|  |TAMS 0x0000000618000000| PB 0x0000000618000000| Untracked 
|  93|0x0000000618400000, 0x0000000618400000, 0x0000000618800000|  0%| F|  |TAMS 0x0000000618400000| PB 0x0000000618400000| Untracked 
|  94|0x0000000618800000, 0x0000000618800000, 0x0000000618c00000|  0%| F|  |TAMS 0x0000000618800000| PB 0x0000000618800000| Untracked 
|  95|0x0000000618c00000, 0x0000000618c00000, 0x0000000619000000|  0%| F|  |TAMS 0x0000000618c00000| PB 0x0000000618c00000| Untracked 
|  96|0x0000000619000000, 0x0000000619000000, 0x0000000619400000|  0%| F|  |TAMS 0x0000000619000000| PB 0x0000000619000000| Untracked 
|  97|0x0000000619400000, 0x0000000619400000, 0x0000000619800000|  0%| F|  |TAMS 0x0000000619400000| PB 0x0000000619400000| Untracked 
|  98|0x0000000619800000, 0x0000000619800000, 0x0000000619c00000|  0%| F|  |TAMS 0x0000000619800000| PB 0x0000000619800000| Untracked 
|  99|0x0000000619c00000, 0x0000000619c00000, 0x000000061a000000|  0%| F|  |TAMS 0x0000000619c00000| PB 0x0000000619c00000| Untracked 
| 100|0x000000061a000000, 0x000000061a000000, 0x000000061a400000|  0%| F|  |TAMS 0x000000061a000000| PB 0x000000061a000000| Untracked 
| 101|0x000000061a400000, 0x000000061a400000, 0x000000061a800000|  0%| F|  |TAMS 0x000000061a400000| PB 0x000000061a400000| Untracked 
| 102|0x000000061a800000, 0x000000061a800000, 0x000000061ac00000|  0%| F|  |TAMS 0x000000061a800000| PB 0x000000061a800000| Untracked 
| 103|0x000000061ac00000, 0x000000061ac00000, 0x000000061b000000|  0%| F|  |TAMS 0x000000061ac00000| PB 0x000000061ac00000| Untracked 
| 104|0x000000061b000000, 0x000000061b000000, 0x000000061b400000|  0%| F|  |TAMS 0x000000061b000000| PB 0x000000061b000000| Untracked 
| 105|0x000000061b400000, 0x000000061b400000, 0x000000061b800000|  0%| F|  |TAMS 0x000000061b400000| PB 0x000000061b400000| Untracked 
| 106|0x000000061b800000, 0x000000061b800000, 0x000000061bc00000|  0%| F|  |TAMS 0x000000061b800000| PB 0x000000061b800000| Untracked 
| 107|0x000000061bc00000, 0x000000061bc00000, 0x000000061c000000|  0%| F|  |TAMS 0x000000061bc00000| PB 0x000000061bc00000| Untracked 
| 108|0x000000061c000000, 0x000000061c000000, 0x000000061c400000|  0%| F|  |TAMS 0x000000061c000000| PB 0x000000061c000000| Untracked 
| 109|0x000000061c400000, 0x000000061c400000, 0x000000061c800000|  0%| F|  |TAMS 0x000000061c400000| PB 0x000000061c400000| Untracked 
| 110|0x000000061c800000, 0x000000061c800000, 0x000000061cc00000|  0%| F|  |TAMS 0x000000061c800000| PB 0x000000061c800000| Untracked 
| 111|0x000000061cc00000, 0x000000061cc00000, 0x000000061d000000|  0%| F|  |TAMS 0x000000061cc00000| PB 0x000000061cc00000| Untracked 
| 112|0x000000061d000000, 0x000000061d000000, 0x000000061d400000|  0%| F|  |TAMS 0x000000061d000000| PB 0x000000061d000000| Untracked 
| 113|0x000000061d400000, 0x000000061d400000, 0x000000061d800000|  0%| F|  |TAMS 0x000000061d400000| PB 0x000000061d400000| Untracked 
| 114|0x000000061d800000, 0x000000061d800000, 0x000000061dc00000|  0%| F|  |TAMS 0x000000061d800000| PB 0x000000061d800000| Untracked 
| 115|0x000000061dc00000, 0x000000061dc00000, 0x000000061e000000|  0%| F|  |TAMS 0x000000061dc00000| PB 0x000000061dc00000| Untracked 
| 116|0x000000061e000000, 0x000000061e000000, 0x000000061e400000|  0%| F|  |TAMS 0x000000061e000000| PB 0x000000061e000000| Untracked 
| 117|0x000000061e400000, 0x000000061e800000, 0x000000061e800000|100%| S|CS|TAMS 0x000000061e400000| PB 0x000000061e400000| Complete 
| 118|0x000000061e800000, 0x000000061ec00000, 0x000000061ec00000|100%| S|CS|TAMS 0x000000061e800000| PB 0x000000061e800000| Complete 
| 119|0x000000061ec00000, 0x000000061ec00000, 0x000000061f000000|  0%| F|  |TAMS 0x000000061ec00000| PB 0x000000061ec00000| Untracked 
| 120|0x000000061f000000, 0x000000061f000000, 0x000000061f400000|  0%| F|  |TAMS 0x000000061f000000| PB 0x000000061f000000| Untracked 
| 121|0x000000061f400000, 0x000000061f400000, 0x000000061f800000|  0%| F|  |TAMS 0x000000061f400000| PB 0x000000061f400000| Untracked 
| 122|0x000000061f800000, 0x000000061f800000, 0x000000061fc00000|  0%| F|  |TAMS 0x000000061f800000| PB 0x000000061f800000| Untracked 
| 123|0x000000061fc00000, 0x000000061fc00000, 0x0000000620000000|  0%| F|  |TAMS 0x000000061fc00000| PB 0x000000061fc00000| Untracked 
| 124|0x0000000620000000, 0x00000006201f3ab0, 0x0000000620400000| 48%| E|  |TAMS 0x0000000620000000| PB 0x0000000620000000| Complete 
| 125|0x0000000620400000, 0x0000000620800000, 0x0000000620800000|100%| E|CS|TAMS 0x0000000620400000| PB 0x0000000620400000| Complete 
| 126|0x0000000620800000, 0x0000000620c00000, 0x0000000620c00000|100%| E|CS|TAMS 0x0000000620800000| PB 0x0000000620800000| Complete 
| 127|0x0000000620c00000, 0x0000000621000000, 0x0000000621000000|100%| E|CS|TAMS 0x0000000620c00000| PB 0x0000000620c00000| Complete 

Card table byte_map: [0x0000022a5abb0000,0x0000022a5bbb0000] _byte_map_base: 0x0000022a57ba8000

Marking Bits: (CMBitMap*) 0x0000022a41dc2090
 Bits: [0x0000022a5cbb0000, 0x0000022a64b70000)

Polling page: 0x0000022a3fc40000

Metaspace:

Usage:
  Non-class:     14.06 MB used.
      Class:      2.14 MB used.
       Both:     16.20 MB used.

Virtual space:
  Non-class space:       64.00 MB reserved,      14.19 MB ( 22%) committed,  1 nodes.
      Class space:        1.00 GB reserved,       2.31 MB ( <1%) committed,  1 nodes.
             Both:        1.06 GB reserved,      16.50 MB (  2%) committed. 

Chunk freelists:
   Non-Class:  1.44 MB
       Class:  1.69 MB
        Both:  3.13 MB

MaxMetaspaceSize: unlimited
CompressedClassSpaceSize: 1.00 GB
Initial GC threshold: 21.00 MB
Current GC threshold: 21.00 MB
CDS: on
MetaspaceReclaimPolicy: balanced
 - commit_granule_bytes: 65536.
 - commit_granule_words: 8192.
 - virtual_space_node_default_size: 8388608.
 - enlarge_chunks_in_place: 1.
 - new_chunks_are_fully_committed: 0.
 - uncommit_free_chunks: 1.
 - use_allocation_guard: 0.


Internal statistics:

num_allocs_failed_limit: 0.
num_arena_births: 346.
num_arena_deaths: 0.
num_vsnodes_births: 2.
num_vsnodes_deaths: 0.
num_space_committed: 264.
num_space_uncommitted: 0.
num_chunks_returned_to_freelist: 0.
num_chunks_taken_from_freelist: 887.
num_chunk_merges: 0.
num_chunk_splits: 602.
num_chunks_enlarged: 428.
num_inconsistent_stats: 0.

CodeHeap 'non-profiled nmethods': size=119168Kb used=887Kb max_used=887Kb free=118280Kb
 bounds [0x0000022a51970000, 0x0000022a51be0000, 0x0000022a58dd0000]
CodeHeap 'profiled nmethods': size=119104Kb used=4681Kb max_used=4681Kb free=114422Kb
 bounds [0x0000022a49dd0000, 0x0000022a4a270000, 0x0000022a51220000]
CodeHeap 'non-nmethods': size=7488Kb used=3565Kb max_used=3580Kb free=3922Kb
 bounds [0x0000022a51220000, 0x0000022a515b0000, 0x0000022a51970000]
 total_blobs=3252 nmethods=2419 adapters=740
 compilation: enabled
              stopped_count=0, restarted_count=0
 full_count=0

Compilation events (20 events):
Event: 1.717 Thread 0x0000022a68259ff0 2413       3       java.util.concurrent.locks.AbstractQueuedSynchronizer::<init> (5 bytes)
Event: 1.717 Thread 0x0000022a683680d0 2414       3       java.util.concurrent.locks.AbstractOwnableSynchronizer::<init> (5 bytes)
Event: 1.717 Thread 0x0000022a68259ff0 nmethod 2413 0x0000022a4a25e510 code [0x0000022a4a25e6a0, 0x0000022a4a25e868]
Event: 1.717 Thread 0x0000022a683680d0 nmethod 2414 0x0000022a4a25e990 code [0x0000022a4a25eb20, 0x0000022a4a25ec88]
Event: 1.754 Thread 0x0000022a683680d0 2415       3       java.util.stream.AbstractPipeline::evaluate (94 bytes)
Event: 1.754 Thread 0x0000022a683680d0 nmethod 2415 0x0000022a4a25ed90 code [0x0000022a4a25efa0, 0x0000022a4a25f620]
Event: 1.757 Thread 0x0000022a68259ff0 2416       3       java.lang.Thread::interrupted (7 bytes)
Event: 1.757 Thread 0x0000022a6841eab0 2417       3       java.lang.Thread::getAndClearInterrupt (19 bytes)
Event: 1.758 Thread 0x0000022a6841eab0 nmethod 2417 0x0000022a4a25f810 code [0x0000022a4a25f9a0, 0x0000022a4a25fb28]
Event: 1.758 Thread 0x0000022a68259ff0 nmethod 2416 0x0000022a4a25fc10 code [0x0000022a4a25fda0, 0x0000022a4a260008]
Event: 1.759 Thread 0x0000022a6841f040 2418       3       javafx.beans.property.BooleanPropertyBase::set (76 bytes)
Event: 1.759 Thread 0x0000022a6841f040 nmethod 2418 0x0000022a4a260110 code [0x0000022a4a260360, 0x0000022a4a260dd8]
Event: 1.760 Thread 0x0000022a6841f040 2419       3       java.lang.invoke.AbstractValidatingLambdaMetafactory::isAdaptableToAsReturnStrict (34 bytes)
Event: 1.760 Thread 0x0000022a6841eab0 2420       3       java.lang.invoke.InnerClassLambdaMetafactory::spinInnerClass (118 bytes)
Event: 1.760 Thread 0x0000022a68259ff0 2421       3       java.lang.invoke.LambdaProxyClassArchive::find (63 bytes)
Event: 1.760 Thread 0x0000022a683680d0 2422       3       java.lang.invoke.LambdaProxyClassArchive::loadedByBuiltinLoader (22 bytes)
Event: 1.760 Thread 0x0000022a6841f040 nmethod 2419 0x0000022a4a261090 code [0x0000022a4a261260, 0x0000022a4a261808]
Event: 1.760 Thread 0x0000022a6841eab0 nmethod 2420 0x0000022a4a261990 code [0x0000022a4a261b40, 0x0000022a4a261e48]
Event: 1.760 Thread 0x0000022a683680d0 nmethod 2422 0x0000022a4a261f10 code [0x0000022a4a2620c0, 0x0000022a4a2624d8]
Event: 1.760 Thread 0x0000022a6841f040 2423       3       jdk.internal.misc.CDS::isSharingEnabled (4 bytes)

GC Heap History (4 events):
Event: 0.346 GC heap before
{Heap before GC invocations=0 (full 0):
 garbage-first heap   total 524288K, used 20480K [0x0000000601000000, 0x0000000800000000)
  region size 4096K, 6 young (24576K), 0 survivors (0K)
 Metaspace       used 4562K, committed 4736K, reserved 1114112K
  class space    used 530K, committed 640K, reserved 1048576K
}
Event: 0.349 GC heap after
{Heap after GC invocations=1 (full 0):
 garbage-first heap   total 524288K, used 4372K [0x0000000601000000, 0x0000000800000000)
  region size 4096K, 1 young (4096K), 1 survivors (4096K)
 Metaspace       used 4562K, committed 4736K, reserved 1114112K
  class space    used 530K, committed 640K, reserved 1048576K
}
Event: 0.732 GC heap before
{Heap before GC invocations=1 (full 0):
 garbage-first heap   total 524288K, used 37140K [0x0000000601000000, 0x0000000800000000)
  region size 4096K, 9 young (36864K), 1 survivors (4096K)
 Metaspace       used 13323K, committed 13696K, reserved 1114112K
  class space    used 1734K, committed 1920K, reserved 1048576K
}
Event: 0.736 GC heap after
{Heap after GC invocations=2 (full 0):
 garbage-first heap   total 524288K, used 12586K [0x0000000601000000, 0x0000000800000000)
  region size 4096K, 2 young (8192K), 2 survivors (8192K)
 Metaspace       used 13323K, committed 13696K, reserved 1114112K
  class space    used 1734K, committed 1920K, reserved 1048576K
}

Dll operation events (20 events):
Event: 0.151 Loaded shared library D:\Dev\Foodify\Java\Foodify\lib\javafx-sdk-20.0.1\bin\api-ms-win-crt-locale-l1-1-0.dll
Event: 0.151 Loaded shared library D:\Dev\Foodify\Java\Foodify\lib\javafx-sdk-20.0.1\bin\api-ms-win-crt-math-l1-1-0.dll
Event: 0.152 Loaded shared library D:\Dev\Foodify\Java\Foodify\lib\javafx-sdk-20.0.1\bin\api-ms-win-crt-multibyte-l1-1-0.dll
Event: 0.152 Loaded shared library D:\Dev\Foodify\Java\Foodify\lib\javafx-sdk-20.0.1\bin\api-ms-win-crt-private-l1-1-0.dll
Event: 0.153 Loaded shared library D:\Dev\Foodify\Java\Foodify\lib\javafx-sdk-20.0.1\bin\api-ms-win-crt-process-l1-1-0.dll
Event: 0.154 Loaded shared library D:\Dev\Foodify\Java\Foodify\lib\javafx-sdk-20.0.1\bin\api-ms-win-crt-runtime-l1-1-0.dll
Event: 0.154 Loaded shared library D:\Dev\Foodify\Java\Foodify\lib\javafx-sdk-20.0.1\bin\api-ms-win-crt-stdio-l1-1-0.dll
Event: 0.155 Loaded shared library D:\Dev\Foodify\Java\Foodify\lib\javafx-sdk-20.0.1\bin\api-ms-win-crt-string-l1-1-0.dll
Event: 0.155 Loaded shared library D:\Dev\Foodify\Java\Foodify\lib\javafx-sdk-20.0.1\bin\api-ms-win-crt-time-l1-1-0.dll
Event: 0.156 Loaded shared library D:\Dev\Foodify\Java\Foodify\lib\javafx-sdk-20.0.1\bin\api-ms-win-crt-utility-l1-1-0.dll
Event: 0.157 Loaded shared library D:\Dev\Foodify\Java\Foodify\lib\javafx-sdk-20.0.1\bin\ucrtbase.dll
Event: 0.157 Loaded shared library D:\Dev\Foodify\Java\Foodify\lib\javafx-sdk-20.0.1\bin\vcruntime140.dll
Event: 0.158 Loaded shared library D:\Dev\Foodify\Java\Foodify\lib\javafx-sdk-20.0.1\bin\vcruntime140_1.dll
Event: 0.159 Loaded shared library D:\Dev\Foodify\Java\Foodify\lib\javafx-sdk-20.0.1\bin\msvcp140.dll
Event: 0.159 Loaded shared library D:\Dev\Foodify\Java\Foodify\lib\javafx-sdk-20.0.1\bin\msvcp140_1.dll
Event: 0.160 Loaded shared library D:\Dev\Foodify\Java\Foodify\lib\javafx-sdk-20.0.1\bin\msvcp140_2.dll
Event: 0.181 Loaded shared library D:\Dev\Foodify\Java\Foodify\lib\javafx-sdk-20.0.1\bin\prism_d3d.dll
Event: 0.221 Loaded shared library D:\Dev\Foodify\Java\Foodify\lib\javafx-sdk-20.0.1\bin\glass.dll
Event: 0.311 Loaded shared library C:\Users\Logan\.jdks\openjdk-20.0.1\bin\jimage.dll
Event: 0.431 Loaded shared library D:\Dev\Foodify\Java\Foodify\lib\javafx-sdk-20.0.1\bin\javafx_font.dll

Deoptimization events (20 events):
Event: 0.761 Thread 0x0000022a6d756c20 Uncommon trap: trap_request=0xffffffde fr.pc=0x0000022a51981b28 relative=0x00000000000001a8
Event: 0.761 Thread 0x0000022a6d756c20 Uncommon trap: reason=class_check action=maybe_recompile pc=0x0000022a51981b28 method=java.lang.String.equals(Ljava/lang/Object;)Z @ 8 c2
Event: 0.761 Thread 0x0000022a6d756c20 DEOPT PACKING pc=0x0000022a51981b28 sp=0x0000009ea2afd300
Event: 0.761 Thread 0x0000022a6d756c20 DEOPT UNPACKING pc=0x0000022a51289d22 sp=0x0000009ea2afd298 mode 2
Event: 0.761 Thread 0x0000022a6d756c20 Uncommon trap: trap_request=0xffffffde fr.pc=0x0000022a51981b28 relative=0x00000000000001a8
Event: 0.761 Thread 0x0000022a6d756c20 Uncommon trap: reason=class_check action=maybe_recompile pc=0x0000022a51981b28 method=java.lang.String.equals(Ljava/lang/Object;)Z @ 8 c2
Event: 0.761 Thread 0x0000022a6d756c20 DEOPT PACKING pc=0x0000022a51981b28 sp=0x0000009ea2afd300
Event: 0.761 Thread 0x0000022a6d756c20 DEOPT UNPACKING pc=0x0000022a51289d22 sp=0x0000009ea2afd298 mode 2
Event: 0.762 Thread 0x0000022a6d756c20 Uncommon trap: trap_request=0xffffffde fr.pc=0x0000022a51981b28 relative=0x00000000000001a8
Event: 0.762 Thread 0x0000022a6d756c20 Uncommon trap: reason=class_check action=maybe_recompile pc=0x0000022a51981b28 method=java.lang.String.equals(Ljava/lang/Object;)Z @ 8 c2
Event: 0.762 Thread 0x0000022a6d756c20 DEOPT PACKING pc=0x0000022a51981b28 sp=0x0000009ea2afd240
Event: 0.762 Thread 0x0000022a6d756c20 DEOPT UNPACKING pc=0x0000022a51289d22 sp=0x0000009ea2afd1d8 mode 2
Event: 0.783 Thread 0x0000022a6d756c20 Uncommon trap: trap_request=0xffffffc6 fr.pc=0x0000022a519cb428 relative=0x00000000000002e8
Event: 0.783 Thread 0x0000022a6d756c20 Uncommon trap: reason=bimorphic_or_optimized_type_check action=maybe_recompile pc=0x0000022a519cb428 method=java.util.concurrent.ConcurrentHashMap.get(Ljava/lang/Object;)Ljava/lang/Object; @ 149 c2
Event: 0.783 Thread 0x0000022a6d756c20 DEOPT PACKING pc=0x0000022a519cb428 sp=0x0000009ea2afcfb0
Event: 0.783 Thread 0x0000022a6d756c20 DEOPT UNPACKING pc=0x0000022a51289d22 sp=0x0000009ea2afcf20 mode 2
Event: 0.783 Thread 0x0000022a6d756c20 Uncommon trap: trap_request=0xffffffc6 fr.pc=0x0000022a519cb428 relative=0x00000000000002e8
Event: 0.783 Thread 0x0000022a6d756c20 Uncommon trap: reason=bimorphic_or_optimized_type_check action=maybe_recompile pc=0x0000022a519cb428 method=java.util.concurrent.ConcurrentHashMap.get(Ljava/lang/Object;)Ljava/lang/Object; @ 149 c2
Event: 0.783 Thread 0x0000022a6d756c20 DEOPT PACKING pc=0x0000022a519cb428 sp=0x0000009ea2afcfe0
Event: 0.783 Thread 0x0000022a6d756c20 DEOPT UNPACKING pc=0x0000022a51289d22 sp=0x0000009ea2afcf50 mode 2

Classes loaded (20 events):
Event: 1.056 Loading class java/time/Month
Event: 1.056 Loading class java/time/Month done
Event: 1.057 Loading class java/time/DayOfWeek
Event: 1.057 Loading class java/time/DayOfWeek done
Event: 1.057 Loading class java/time/zone/ZoneOffsetTransitionRule$TimeDefinition
Event: 1.057 Loading class java/time/zone/ZoneOffsetTransitionRule$TimeDefinition done
Event: 1.057 Loading class java/time/zone/ZoneOffsetTransition
Event: 1.057 Loading class java/time/zone/ZoneOffsetTransition done
Event: 1.058 Loading class sun/util/cldr/CLDRBaseLocaleDataMetaInfo$TZCanonicalIDMapHolder
Event: 1.058 Loading class sun/util/cldr/CLDRBaseLocaleDataMetaInfo$TZCanonicalIDMapHolder done
Event: 1.059 Loading class sun/util/resources/TimeZoneNames
Event: 1.059 Loading class sun/util/resources/TimeZoneNames done
Event: 1.059 Loading class sun/util/resources/TimeZoneNames_en
Event: 1.059 Loading class sun/util/resources/TimeZoneNames_en done
Event: 1.378 Loading class java/util/EnumMap$Values
Event: 1.378 Loading class java/util/EnumMap$Values done
Event: 1.378 Loading class java/util/EnumMap$ValueIterator
Event: 1.378 Loading class java/util/EnumMap$EnumMapIterator
Event: 1.378 Loading class java/util/EnumMap$EnumMapIterator done
Event: 1.378 Loading class java/util/EnumMap$ValueIterator done

Classes unloaded (0 events):
No events

Classes redefined (0 events):
No events

Internal exceptions (20 events):
Event: 0.525 Thread 0x0000022a6d756c20 Exception <a 'java/lang/NoSuchMethodError'{0x000000061fdd7d88}: 'void java.lang.invoke.DirectMethodHandle$Holder.invokeSpecial(java.lang.Object, java.lang.Object, int)'> (0x000000061fdd7d88) 
thrown [s\open\src\hotspot\share\interpreter\linkResolver.cpp, line 773]
Event: 0.526 Thread 0x0000022a6d756c20 Exception <a 'java/lang/NoSuchMethodError'{0x000000061fddbb08}: 'int java.lang.invoke.DirectMethodHandle$Holder.invokeSpecial(java.lang.Object, java.lang.Object, java.lang.Object, int)'> (0x000000061fddbb08) 
thrown [s\open\src\hotspot\share\interpreter\linkResolver.cpp, line 773]
Event: 0.526 Thread 0x0000022a6d756c20 Exception <a 'java/lang/NoSuchMethodError'{0x000000061fde5c90}: 'void java.lang.invoke.DelegatingMethodHandle$Holder.reinvoke_L(java.lang.Object, java.lang.Object, int)'> (0x000000061fde5c90) 
thrown [s\open\src\hotspot\share\interpreter\linkResolver.cpp, line 773]
Event: 0.526 Thread 0x0000022a6d756c20 Exception <a 'java/lang/NoSuchMethodError'{0x000000061fdecc38}: 'int java.lang.invoke.DirectMethodHandle$Holder.invokeSpecial(java.lang.Object, java.lang.Object, java.lang.Object)'> (0x000000061fdecc38) 
thrown [s\open\src\hotspot\share\interpreter\linkResolver.cpp, line 773]
Event: 0.548 Thread 0x0000022a6d756c20 Implicit null exception at 0x0000022a519d2f42 to 0x0000022a519d3238
Event: 0.639 Thread 0x0000022a6d756c20 Exception <a 'java/lang/NoSuchMethodError'{0x000000061f2b4730}: 'java.lang.Object java.lang.invoke.DirectMethodHandle$Holder.invokeInterface(java.lang.Object, java.lang.Object)'> (0x000000061f2b4730) 
thrown [s\open\src\hotspot\share\interpreter\linkResolver.cpp, line 773]
Event: 0.651 Thread 0x0000022a6d756c20 Exception <a 'java/lang/NoSuchMethodError'{0x000000061f334170}: 'java.lang.Object java.lang.invoke.DirectMethodHandle$Holder.invokeVirtual(java.lang.Object, java.lang.Object, java.lang.Object)'> (0x000000061f334170) 
thrown [s\open\src\hotspot\share\interpreter\linkResolver.cpp, line 773]
Event: 0.693 Thread 0x0000022a6d756c20 Exception <a 'java/net/ConnectException'{0x000000061ee44758}: Connection refused: connect> (0x000000061ee44758) 
thrown [s\open\src\hotspot\share\prims\jni.cpp, line 538]
Event: 0.693 Thread 0x0000022a6d756c20 Exception <a 'java/net/ConnectException'{0x000000061ee45490}: Connection refused: connect> (0x000000061ee45490) 
thrown [s\open\src\hotspot\share\prims\jni.cpp, line 538]
Event: 0.739 Thread 0x0000022a6d756c20 Implicit null exception at 0x0000022a519cfb4b to 0x0000022a519cfec4
Event: 0.746 Thread 0x0000022a6d756c20 Exception <a 'java/io/FileNotFoundException'{0x0000000620d85cb0}> (0x0000000620d85cb0) 
thrown [s\open\src\hotspot\share\prims\jni.cpp, line 519]
Event: 0.771 Thread 0x0000022a6d756c20 Exception <a 'java/lang/NoSuchMethodError'{0x0000000620fc7b48}: 'java.lang.Object java.lang.invoke.DirectMethodHandle$Holder.invokeInterface(java.lang.Object, java.lang.Object, java.lang.Object)'> (0x0000000620fc7b48) 
thrown [s\open\src\hotspot\share\interpreter\linkResolver.cpp, line 773]
Event: 0.771 Thread 0x0000022a6d756c20 Exception <a 'java/lang/IncompatibleClassChangeError'{0x0000000620fcaf30}: Found class java.lang.Object, but interface was expected> (0x0000000620fcaf30) 
thrown [s\open\src\hotspot\share\interpreter\linkResolver.cpp, line 840]
Event: 0.787 Thread 0x0000022a6d756c20 Exception <a 'java/lang/NoSuchMethodError'{0x00000006208f8bb8}: 'int java.lang.invoke.DirectMethodHandle$Holder.invokeSpecial(java.lang.Object, java.lang.Object, int)'> (0x00000006208f8bb8) 
thrown [s\open\src\hotspot\share\interpreter\linkResolver.cpp, line 773]
Event: 0.796 Thread 0x0000022a6d756c20 Exception <a 'java/lang/NoSuchMethodError'{0x000000062099e0b8}: 'java.lang.Object java.lang.invoke.DirectMethodHandle$Holder.newInvokeSpecial(java.lang.Object, java.lang.Object, int)'> (0x000000062099e0b8) 
thrown [s\open\src\hotspot\share\interpreter\linkResolver.cpp, line 773]
Event: 0.824 Thread 0x0000022a6d7566d0 Exception <a 'java/lang/NoSuchMethodError'{0x0000000620b9ab98}: 'int java.lang.invoke.DirectMethodHandle$Holder.invokeStaticInit(java.lang.Object, java.lang.Object)'> (0x0000000620b9ab98) 
thrown [s\open\src\hotspot\share\interpreter\linkResolver.cpp, line 773]
Event: 1.685 Thread 0x0000022a6d756c20 Exception <a 'java/lang/NoSuchMethodError'{0x000000062015da10}: 'long java.lang.invoke.DirectMethodHandle$Holder.invokeStatic(java.lang.Object, java.lang.Object, java.lang.Object)'> (0x000000062015da10) 
thrown [s\open\src\hotspot\share\interpreter\linkResolver.cpp, line 773]
Event: 1.685 Thread 0x0000022a6d756c20 Exception <a 'java/lang/NoSuchMethodError'{0x00000006201613a0}: 'long java.lang.invoke.DirectMethodHandle$Holder.invokeStaticInit(java.lang.Object, java.lang.Object, java.lang.Object)'> (0x00000006201613a0) 
thrown [s\open\src\hotspot\share\interpreter\linkResolver.cpp, line 773]
Event: 1.686 Thread 0x0000022a6d756c20 Exception <a 'java/lang/NoSuchMethodError'{0x00000006201796a8}: 'java.lang.Object java.lang.invoke.DirectMethodHandle$Holder.newInvokeSpecial(java.lang.Object, java.lang.Object, long)'> (0x00000006201796a8) 
thrown [s\open\src\hotspot\share\interpreter\linkResolver.cpp, line 773]
Event: 1.686 Thread 0x0000022a6d756c20 Exception <a 'java/lang/NoSuchMethodError'{0x000000062017cfa0}: 'java.lang.Object java.lang.invoke.Invokers$Holder.linkToTargetMethod(java.lang.Object, long, java.lang.Object)'> (0x000000062017cfa0) 
thrown [s\open\src\hotspot\share\interpreter\linkResolver.cpp, line 773]

VM Operations (20 events):
Event: 0.564 Executing VM operation: ICBufferFull done
Event: 0.628 Executing VM operation: HandshakeAllThreads
Event: 0.628 Executing VM operation: HandshakeAllThreads done
Event: 0.630 Executing VM operation: HandshakeAllThreads
Event: 0.630 Executing VM operation: HandshakeAllThreads done
Event: 0.640 Executing VM operation: HandshakeAllThreads
Event: 0.640 Executing VM operation: HandshakeAllThreads done
Event: 0.648 Executing VM operation: HandshakeAllThreads
Event: 0.648 Executing VM operation: HandshakeAllThreads done
Event: 0.701 Executing VM operation: HandshakeAllThreads
Event: 0.701 Executing VM operation: HandshakeAllThreads done
Event: 0.701 Executing VM operation: HandshakeAllThreads
Event: 0.701 Executing VM operation: HandshakeAllThreads done
Event: 0.732 Executing VM operation: G1CollectForAllocation
Event: 0.736 Executing VM operation: G1CollectForAllocation done
Event: 0.751 Executing VM operation: HandshakeAllThreads
Event: 0.751 Executing VM operation: HandshakeAllThreads done
Event: 0.817 Executing VM operation: HandshakeAllThreads
Event: 0.817 Executing VM operation: HandshakeAllThreads done
Event: 1.760 Executing VM operation: Exit

Events (20 events):
Event: 0.097 Thread 0x0000022a6d69cdf0 Thread added: 0x0000022a6d69cdf0
Event: 0.097 Thread 0x0000022a6d02a490 Thread added: 0x0000022a6d02a490
Event: 0.178 Thread 0x0000022a6d7566d0 Thread added: 0x0000022a6d7566d0
Event: 0.222 Thread 0x0000022a6d756180 Thread added: 0x0000022a6d756180
Event: 0.224 Thread 0x0000022a6d756c20 Thread added: 0x0000022a6d756c20
Event: 0.297 Thread 0x0000022a6d757170 Thread added: 0x0000022a6d757170
Event: 0.308 Thread 0x0000022a6d758c00 Thread added: 0x0000022a6d758c00
Event: 0.628 Thread 0x0000022a6d7576c0 Thread added: 0x0000022a6d7576c0
Event: 0.768 Thread 0x0000022a6d7586b0 Thread added: 0x0000022a6d7586b0
Event: 0.840 Thread 0x0000022a6d7556e0 Thread added: 0x0000022a6d7556e0
Event: 1.050 Thread 0x0000022a6d4b18e0 Thread exited: 0x0000022a6d4b18e0
Event: 1.050 Thread 0x0000022a684ea240 Thread exited: 0x0000022a684ea240
Event: 1.050 Thread 0x0000022a684ea7d0 Thread exited: 0x0000022a684ea7d0
Event: 1.379 Thread 0x0000022a68409790 Thread exited: 0x0000022a68409790
Event: 1.379 Thread 0x0000022a68409200 Thread exited: 0x0000022a68409200
Event: 1.379 Thread 0x0000022a684c6f10 Thread exited: 0x0000022a684c6f10
Event: 1.759 Thread 0x0000022a6de8ca90 Thread added: 0x0000022a6de8ca90
Event: 1.759 Thread 0x0000022a6de8efc0 Thread added: 0x0000022a6de8efc0
Event: 1.760 Thread 0x0000022a6de8efc0 Thread exited: 0x0000022a6de8efc0
Event: 1.760 Thread 0x0000022a6de8ca90 Thread exited: 0x0000022a6de8ca90


Dynamic libraries:
0x00007ff767820000 - 0x00007ff76782e000 	C:\Users\Logan\.jdks\openjdk-20.0.1\bin\java.exe
0x00007ffd33630000 - 0x00007ffd33828000 	C:\WINDOWS\SYSTEM32\ntdll.dll
0x00007ffd32170000 - 0x00007ffd3222f000 	C:\WINDOWS\System32\KERNEL32.DLL
0x00007ffd312f0000 - 0x00007ffd315e6000 	C:\WINDOWS\System32\KERNELBASE.dll
0x00007ffd311f0000 - 0x00007ffd312f0000 	C:\WINDOWS\System32\ucrtbase.dll
0x00007ffd296d0000 - 0x00007ffd296e7000 	C:\Users\Logan\.jdks\openjdk-20.0.1\bin\jli.dll
0x00007ffd29740000 - 0x00007ffd2975b000 	C:\Users\Logan\.jdks\openjdk-20.0.1\bin\VCRUNTIME140.dll
0x00007ffd32480000 - 0x00007ffd3261d000 	C:\WINDOWS\System32\USER32.dll
0x00007ffd30f60000 - 0x00007ffd30f82000 	C:\WINDOWS\System32\win32u.dll
0x00007ffd1a850000 - 0x00007ffd1aaea000 	C:\WINDOWS\WinSxS\amd64_microsoft.windows.common-controls_6595b64144ccf1df_6.0.19041.1110_none_60b5254171f9507e\COMCTL32.dll
0x00007ffd32130000 - 0x00007ffd3215c000 	C:\WINDOWS\System32\GDI32.dll
0x00007ffd31ab0000 - 0x00007ffd31b4e000 	C:\WINDOWS\System32\msvcrt.dll
0x00007ffd310d0000 - 0x00007ffd311e5000 	C:\WINDOWS\System32\gdi32full.dll
0x00007ffd315f0000 - 0x00007ffd3168d000 	C:\WINDOWS\System32\msvcp_win.dll
0x00007ffd31a80000 - 0x00007ffd31ab0000 	C:\WINDOWS\System32\IMM32.DLL
0x00007ffd29730000 - 0x00007ffd2973c000 	C:\Users\Logan\.jdks\openjdk-20.0.1\bin\vcruntime140_1.dll
0x00007ffd1e420000 - 0x00007ffd1e4ae000 	C:\Users\Logan\.jdks\openjdk-20.0.1\bin\msvcp140.dll
0x00007ffd07e90000 - 0x00007ffd08b27000 	C:\Users\Logan\.jdks\openjdk-20.0.1\bin\server\jvm.dll
0x00007ffd32690000 - 0x00007ffd3273f000 	C:\WINDOWS\System32\ADVAPI32.dll
0x00007ffd32aa0000 - 0x00007ffd32b3c000 	C:\WINDOWS\System32\sechost.dll
0x00007ffd31950000 - 0x00007ffd31a76000 	C:\WINDOWS\System32\RPCRT4.dll
0x00007ffd20930000 - 0x00007ffd20939000 	C:\WINDOWS\SYSTEM32\WSOCK32.dll
0x00007ffd233f0000 - 0x00007ffd23417000 	C:\WINDOWS\SYSTEM32\WINMM.dll
0x00007ffd2b0e0000 - 0x00007ffd2b0ea000 	C:\WINDOWS\SYSTEM32\VERSION.dll
0x00007ffd32230000 - 0x00007ffd3229b000 	C:\WINDOWS\System32\WS2_32.dll
0x00007ffd2f580000 - 0x00007ffd2f592000 	C:\WINDOWS\SYSTEM32\kernel.appcore.dll
0x00007ffd296c0000 - 0x00007ffd296ca000 	C:\Users\Logan\.jdks\openjdk-20.0.1\bin\jimage.dll
0x00007ffd2f1f0000 - 0x00007ffd2f3d4000 	C:\WINDOWS\SYSTEM32\DBGHELP.DLL
0x00007ffd2a850000 - 0x00007ffd2a884000 	C:\WINDOWS\SYSTEM32\dbgcore.DLL
0x00007ffd31040000 - 0x00007ffd310c2000 	C:\WINDOWS\System32\bcryptPrimitives.dll
0x00007ffd2a3c0000 - 0x00007ffd2a3ce000 	C:\Users\Logan\.jdks\openjdk-20.0.1\bin\instrument.dll
0x00007ffd28410000 - 0x00007ffd28436000 	C:\Users\Logan\.jdks\openjdk-20.0.1\bin\java.dll
0x00007ffd1b930000 - 0x00007ffd1ba07000 	C:\Users\Logan\.jdks\openjdk-20.0.1\bin\jsvml.dll
0x00007ffd32ba0000 - 0x00007ffd332e4000 	C:\WINDOWS\System32\SHELL32.dll
0x00007ffd2e990000 - 0x00007ffd2f123000 	C:\WINDOWS\SYSTEM32\windows.storage.dll
0x00007ffd32740000 - 0x00007ffd32a94000 	C:\WINDOWS\System32\combase.dll
0x00007ffd30770000 - 0x00007ffd3079e000 	C:\WINDOWS\SYSTEM32\Wldp.dll
0x00007ffd322b0000 - 0x00007ffd3235d000 	C:\WINDOWS\System32\SHCORE.dll
0x00007ffd32630000 - 0x00007ffd32685000 	C:\WINDOWS\System32\shlwapi.dll
0x00007ffd30c50000 - 0x00007ffd30c6f000 	C:\WINDOWS\SYSTEM32\profapi.dll
0x00007ffd296a0000 - 0x00007ffd296b3000 	C:\Users\Logan\.jdks\openjdk-20.0.1\bin\net.dll
0x00007ffd2b0f0000 - 0x00007ffd2b1fa000 	C:\WINDOWS\SYSTEM32\WINHTTP.dll
0x00007ffd304d0000 - 0x00007ffd3053a000 	C:\WINDOWS\system32\mswsock.dll
0x00007ffd22fa0000 - 0x00007ffd22fb6000 	C:\Users\Logan\.jdks\openjdk-20.0.1\bin\nio.dll
0x00007ffd1c1f0000 - 0x00007ffd1c208000 	C:\Users\Logan\.jdks\openjdk-20.0.1\bin\zip.dll
0x00007ffd29d20000 - 0x00007ffd29d3a000 	C:\Program Files\JetBrains\IntelliJ IDEA Community Edition 2022.1.2\bin\breakgen64.dll
0x00007ffd1c1d0000 - 0x00007ffd1c1d7000 	C:\Users\Logan\.jdks\openjdk-20.0.1\bin\extnet.dll
0x0000022a41c40000 - 0x0000022a41c43000 	D:\Dev\Foodify\Java\Foodify\lib\javafx-sdk-20.0.1\bin\api-ms-win-core-console-l1-1-0.dll
0x0000022a41c50000 - 0x0000022a41c53000 	D:\Dev\Foodify\Java\Foodify\lib\javafx-sdk-20.0.1\bin\api-ms-win-core-console-l1-2-0.dll
0x0000022a41c60000 - 0x0000022a41c63000 	D:\Dev\Foodify\Java\Foodify\lib\javafx-sdk-20.0.1\bin\api-ms-win-core-datetime-l1-1-0.dll
0x0000022a41c70000 - 0x0000022a41c73000 	D:\Dev\Foodify\Java\Foodify\lib\javafx-sdk-20.0.1\bin\api-ms-win-core-debug-l1-1-0.dll
0x0000022a41c80000 - 0x0000022a41c83000 	D:\Dev\Foodify\Java\Foodify\lib\javafx-sdk-20.0.1\bin\api-ms-win-core-errorhandling-l1-1-0.dll
0x0000022a41c90000 - 0x0000022a41c94000 	D:\Dev\Foodify\Java\Foodify\lib\javafx-sdk-20.0.1\bin\api-ms-win-core-file-l1-1-0.dll
0x0000022a41ca0000 - 0x0000022a41ca3000 	D:\Dev\Foodify\Java\Foodify\lib\javafx-sdk-20.0.1\bin\api-ms-win-core-file-l1-2-0.dll
0x0000022a41cb0000 - 0x0000022a41cb3000 	D:\Dev\Foodify\Java\Foodify\lib\javafx-sdk-20.0.1\bin\api-ms-win-core-file-l2-1-0.dll
0x0000022a41cc0000 - 0x0000022a41cc3000 	D:\Dev\Foodify\Java\Foodify\lib\javafx-sdk-20.0.1\bin\api-ms-win-core-handle-l1-1-0.dll
0x0000022a41cd0000 - 0x0000022a41cd3000 	D:\Dev\Foodify\Java\Foodify\lib\javafx-sdk-20.0.1\bin\api-ms-win-core-heap-l1-1-0.dll
0x0000022a687e0000 - 0x0000022a687e3000 	D:\Dev\Foodify\Java\Foodify\lib\javafx-sdk-20.0.1\bin\api-ms-win-core-interlocked-l1-1-0.dll
0x0000022a687f0000 - 0x0000022a687f3000 	D:\Dev\Foodify\Java\Foodify\lib\javafx-sdk-20.0.1\bin\api-ms-win-core-libraryloader-l1-1-0.dll
0x0000022a6dfd0000 - 0x0000022a6dfd3000 	D:\Dev\Foodify\Java\Foodify\lib\javafx-sdk-20.0.1\bin\api-ms-win-core-localization-l1-2-0.dll
0x0000022a6dfe0000 - 0x0000022a6dfe3000 	D:\Dev\Foodify\Java\Foodify\lib\javafx-sdk-20.0.1\bin\api-ms-win-core-memory-l1-1-0.dll
0x0000022a6dff0000 - 0x0000022a6dff3000 	D:\Dev\Foodify\Java\Foodify\lib\javafx-sdk-20.0.1\bin\api-ms-win-core-namedpipe-l1-1-0.dll
0x0000022a6e000000 - 0x0000022a6e003000 	D:\Dev\Foodify\Java\Foodify\lib\javafx-sdk-20.0.1\bin\api-ms-win-core-processenvironment-l1-1-0.dll
0x0000022a6e140000 - 0x0000022a6e143000 	D:\Dev\Foodify\Java\Foodify\lib\javafx-sdk-20.0.1\bin\api-ms-win-core-processthreads-l1-1-0.dll
0x0000022a6e010000 - 0x0000022a6e013000 	D:\Dev\Foodify\Java\Foodify\lib\javafx-sdk-20.0.1\bin\api-ms-win-core-processthreads-l1-1-1.dll
0x0000022a6e020000 - 0x0000022a6e023000 	D:\Dev\Foodify\Java\Foodify\lib\javafx-sdk-20.0.1\bin\api-ms-win-core-profile-l1-1-0.dll
0x0000022a6e030000 - 0x0000022a6e033000 	D:\Dev\Foodify\Java\Foodify\lib\javafx-sdk-20.0.1\bin\api-ms-win-core-rtlsupport-l1-1-0.dll
0x0000022a6e040000 - 0x0000022a6e043000 	D:\Dev\Foodify\Java\Foodify\lib\javafx-sdk-20.0.1\bin\api-ms-win-core-string-l1-1-0.dll
0x0000022a6e050000 - 0x0000022a6e053000 	D:\Dev\Foodify\Java\Foodify\lib\javafx-sdk-20.0.1\bin\api-ms-win-core-synch-l1-1-0.dll
0x0000022a6e060000 - 0x0000022a6e063000 	D:\Dev\Foodify\Java\Foodify\lib\javafx-sdk-20.0.1\bin\api-ms-win-core-synch-l1-2-0.dll
0x0000022a6e070000 - 0x0000022a6e073000 	D:\Dev\Foodify\Java\Foodify\lib\javafx-sdk-20.0.1\bin\api-ms-win-core-sysinfo-l1-1-0.dll
0x0000022a6e080000 - 0x0000022a6e083000 	D:\Dev\Foodify\Java\Foodify\lib\javafx-sdk-20.0.1\bin\api-ms-win-core-timezone-l1-1-0.dll
0x0000022a6e090000 - 0x0000022a6e093000 	D:\Dev\Foodify\Java\Foodify\lib\javafx-sdk-20.0.1\bin\api-ms-win-core-util-l1-1-0.dll
0x0000022a6e0a0000 - 0x0000022a6e0a3000 	D:\Dev\Foodify\Java\Foodify\lib\javafx-sdk-20.0.1\bin\api-ms-win-crt-conio-l1-1-0.dll
0x0000022a6e0b0000 - 0x0000022a6e0b4000 	D:\Dev\Foodify\Java\Foodify\lib\javafx-sdk-20.0.1\bin\api-ms-win-crt-convert-l1-1-0.dll
0x0000022a6e0c0000 - 0x0000022a6e0c3000 	D:\Dev\Foodify\Java\Foodify\lib\javafx-sdk-20.0.1\bin\api-ms-win-crt-environment-l1-1-0.dll
0x0000022a6e0d0000 - 0x0000022a6e0d3000 	D:\Dev\Foodify\Java\Foodify\lib\javafx-sdk-20.0.1\bin\api-ms-win-crt-filesystem-l1-1-0.dll
0x0000022a6e0e0000 - 0x0000022a6e0e3000 	D:\Dev\Foodify\Java\Foodify\lib\javafx-sdk-20.0.1\bin\api-ms-win-crt-heap-l1-1-0.dll
0x0000022a6e0f0000 - 0x0000022a6e0f3000 	D:\Dev\Foodify\Java\Foodify\lib\javafx-sdk-20.0.1\bin\api-ms-win-crt-locale-l1-1-0.dll
0x0000022a6e100000 - 0x0000022a6e105000 	D:\Dev\Foodify\Java\Foodify\lib\javafx-sdk-20.0.1\bin\api-ms-win-crt-math-l1-1-0.dll
0x0000022a6e110000 - 0x0000022a6e115000 	D:\Dev\Foodify\Java\Foodify\lib\javafx-sdk-20.0.1\bin\api-ms-win-crt-multibyte-l1-1-0.dll
0x0000022a6e120000 - 0x0000022a6e130000 	D:\Dev\Foodify\Java\Foodify\lib\javafx-sdk-20.0.1\bin\api-ms-win-crt-private-l1-1-0.dll
0x0000022a6e130000 - 0x0000022a6e133000 	D:\Dev\Foodify\Java\Foodify\lib\javafx-sdk-20.0.1\bin\api-ms-win-crt-process-l1-1-0.dll
0x0000022a6e2a0000 - 0x0000022a6e2a4000 	D:\Dev\Foodify\Java\Foodify\lib\javafx-sdk-20.0.1\bin\api-ms-win-crt-runtime-l1-1-0.dll
0x0000022a6e150000 - 0x0000022a6e154000 	D:\Dev\Foodify\Java\Foodify\lib\javafx-sdk-20.0.1\bin\api-ms-win-crt-stdio-l1-1-0.dll
0x0000022a6e160000 - 0x0000022a6e164000 	D:\Dev\Foodify\Java\Foodify\lib\javafx-sdk-20.0.1\bin\api-ms-win-crt-string-l1-1-0.dll
0x0000022a6e170000 - 0x0000022a6e173000 	D:\Dev\Foodify\Java\Foodify\lib\javafx-sdk-20.0.1\bin\api-ms-win-crt-time-l1-1-0.dll
0x0000022a6e180000 - 0x0000022a6e183000 	D:\Dev\Foodify\Java\Foodify\lib\javafx-sdk-20.0.1\bin\api-ms-win-crt-utility-l1-1-0.dll
0x00007ffd17370000 - 0x00007ffd1746c000 	D:\Dev\Foodify\Java\Foodify\lib\javafx-sdk-20.0.1\bin\ucrtbase.dll
0x00007ffd29d00000 - 0x00007ffd29d1b000 	D:\Dev\Foodify\Java\Foodify\lib\javafx-sdk-20.0.1\bin\vcruntime140.dll
0x00007ffd2a3b0000 - 0x00007ffd2a3bc000 	D:\Dev\Foodify\Java\Foodify\lib\javafx-sdk-20.0.1\bin\vcruntime140_1.dll
0x00007ffd17670000 - 0x00007ffd176fe000 	D:\Dev\Foodify\Java\Foodify\lib\javafx-sdk-20.0.1\bin\msvcp140.dll
0x00007ffd29cf0000 - 0x00007ffd29cf9000 	D:\Dev\Foodify\Java\Foodify\lib\javafx-sdk-20.0.1\bin\msvcp140_1.dll
0x00007ffd1c2d0000 - 0x00007ffd1c300000 	D:\Dev\Foodify\Java\Foodify\lib\javafx-sdk-20.0.1\bin\msvcp140_2.dll
0x00007ffd1c180000 - 0x00007ffd1c1af000 	D:\Dev\Foodify\Java\Foodify\lib\javafx-sdk-20.0.1\bin\prism_d3d.dll
0x00007ffd05f60000 - 0x00007ffd0612d000 	C:\WINDOWS\system32\d3d9.dll
0x00007ffd2e5d0000 - 0x00007ffd2e5ff000 	C:\WINDOWS\SYSTEM32\dwmapi.dll
0x00007ffd2e240000 - 0x00007ffd2e2de000 	C:\WINDOWS\system32\uxtheme.dll
0x00007ffd26200000 - 0x00007ffd26302000 	C:\WINDOWS\System32\DriverStore\FileRepository\nvmd.inf_amd64_1408eaf9a25ed64f\nvldumdx.dll
0x00007ffd30900000 - 0x00007ffd30912000 	C:\WINDOWS\SYSTEM32\msasn1.dll
0x00007ffd2b090000 - 0x00007ffd2b0c1000 	C:\WINDOWS\SYSTEM32\cryptnet.dll
0x00007ffd30d80000 - 0x00007ffd30ede000 	C:\WINDOWS\System32\CRYPT32.dll
0x00007ffd306e0000 - 0x00007ffd306ec000 	C:\WINDOWS\SYSTEM32\cryptbase.dll
0x00007ffd30d10000 - 0x00007ffd30d77000 	C:\WINDOWS\System32\WINTRUST.DLL
0x00007ffd335d0000 - 0x00007ffd335ed000 	C:\WINDOWS\System32\imagehlp.dll
0x00007ffd306c0000 - 0x00007ffd306d8000 	C:\WINDOWS\SYSTEM32\CRYPTSP.dll
0x00007ffd2fd80000 - 0x00007ffd2fdb4000 	C:\WINDOWS\system32\rsaenh.dll
0x00007ffd30ee0000 - 0x00007ffd30f07000 	C:\WINDOWS\System32\bcrypt.dll
0x00007ffcc22d0000 - 0x00007ffcc3cec000 	C:\WINDOWS\System32\DriverStore\FileRepository\nvmd.inf_amd64_1408eaf9a25ed64f\nvd3dumx.dll
0x00007ffd17320000 - 0x00007ffd17362000 	D:\Dev\Foodify\Java\Foodify\lib\javafx-sdk-20.0.1\bin\glass.dll
0x00007ffd317a0000 - 0x00007ffd3187a000 	C:\WINDOWS\System32\COMDLG32.dll
0x00007ffd332f0000 - 0x00007ffd3341a000 	C:\WINDOWS\System32\ole32.dll
0x00007ffd31880000 - 0x00007ffd3194d000 	C:\WINDOWS\System32\OLEAUT32.dll
0x00007ffd32360000 - 0x00007ffd32474000 	C:\WINDOWS\System32\MSCTF.dll
0x00007ffd2f5a0000 - 0x00007ffd2f5c3000 	C:\WINDOWS\SYSTEM32\gpapi.dll
0x00007ffd274d0000 - 0x00007ffd2750b000 	C:\WINDOWS\SYSTEM32\dxcore.dll
0x00007ffd30f10000 - 0x00007ffd30f5e000 	C:\WINDOWS\System32\cfgmgr32.dll
0x00007ffd1b600000 - 0x00007ffd1b614000 	D:\Dev\Foodify\Java\Foodify\lib\javafx-sdk-20.0.1\bin\javafx_font.dll
0x00007ffd2c460000 - 0x00007ffd2c6df000 	C:\WINDOWS\SYSTEM32\dwrite.dll
0x00007ffd301c0000 - 0x00007ffd3028b000 	C:\WINDOWS\SYSTEM32\DNSAPI.dll
0x00007ffd30170000 - 0x00007ffd301ac000 	C:\WINDOWS\SYSTEM32\IPHLPAPI.DLL
0x00007ffd32160000 - 0x00007ffd32168000 	C:\WINDOWS\System32\NSI.dll
0x00007ffd20950000 - 0x00007ffd2095a000 	C:\Windows\System32\rasadhlp.dll
0x00007ffd20c10000 - 0x00007ffd20c92000 	C:\WINDOWS\System32\fwpuclnt.dll
0x00007ffd31690000 - 0x00007ffd31739000 	C:\WINDOWS\System32\clbcatq.dll
0x00007ffd27880000 - 0x00007ffd27a34000 	C:\WINDOWS\SYSTEM32\WindowsCodecs.dll
0x00007ffd014d0000 - 0x00007ffd0150e000 	C:\WINDOWS\system32\dataexchange.dll
0x00007ffd2d5f0000 - 0x00007ffd2d7d3000 	C:\WINDOWS\system32\dcomp.dll

dbghelp: loaded successfully - version: 4.0.5 - missing functions: none
symbol engine: initialized successfully - sym options: 0x614 - pdb path: .;C:\Users\Logan\.jdks\openjdk-20.0.1\bin;C:\WINDOWS\SYSTEM32;C:\WINDOWS\WinSxS\amd64_microsoft.windows.common-controls_6595b64144ccf1df_6.0.19041.1110_none_60b5254171f9507e;C:\Users\Logan\.jdks\openjdk-20.0.1\bin\server;C:\Program Files\JetBrains\IntelliJ IDEA Community Edition 2022.1.2\bin;D:\Dev\Foodify\Java\Foodify\lib\javafx-sdk-20.0.1\bin;C:\WINDOWS\System32\DriverStore\FileRepository\nvmd.inf_amd64_1408eaf9a25ed64f;C:\Program Files\Common Files\Microsoft Shared\Ink

VM Arguments:
jvm_args: --module-path=lib\javafx-sdk-20.0.1\lib --add-modules=javafx.controls,javafx.fxml -javaagent:C:\Program Files\JetBrains\IntelliJ IDEA Community Edition 2022.1.2\lib\idea_rt.jar=50842:C:\Program Files\JetBrains\IntelliJ IDEA Community Edition 2022.1.2\bin -Dfile.encoding=UTF-8 
java_command: viewPackage.Foodify
java_class_path (initial): D:\Dev\Foodify\Java\Foodify\out\production\Foodify;D:\Dev\Foodify\Java\Foodify\lib\mysql-connector-j-8.0.33.jar;D:\Dev\Foodify\Java\Foodify\lib\javafx-sdk-20.0.1\lib\javafx-swt.jar;D:\Dev\Foodify\Java\Foodify\lib\javafx-sdk-20.0.1\lib\javafx.web.jar;D:\Dev\Foodify\Java\Foodify\lib\javafx-sdk-20.0.1\lib\javafx.base.jar;D:\Dev\Foodify\Java\Foodify\lib\javafx-sdk-20.0.1\lib\javafx.fxml.jar;D:\Dev\Foodify\Java\Foodify\lib\javafx-sdk-20.0.1\lib\javafx.media.jar;D:\Dev\Foodify\Java\Foodify\lib\javafx-sdk-20.0.1\lib\javafx.swing.jar;D:\Dev\Foodify\Java\Foodify\lib\javafx-sdk-20.0.1\lib\javafx.controls.jar;D:\Dev\Foodify\Java\Foodify\lib\javafx-sdk-20.0.1\lib\javafx.graphics.jar
Launcher Type: SUN_STANDARD

[Global flags]
     intx CICompilerCount                          = 12                                        {product} {ergonomic}
     uint ConcGCThreads                            = 5                                         {product} {ergonomic}
     uint G1ConcRefinementThreads                  = 18                                        {product} {ergonomic}
   size_t G1HeapRegionSize                         = 4194304                                   {product} {ergonomic}
    uintx GCDrainStackTargetSize                   = 64                                        {product} {ergonomic}
   size_t InitialHeapSize                          = 536870912                                 {product} {ergonomic}
   size_t MarkStackSize                            = 4194304                                   {product} {ergonomic}
   size_t MaxHeapSize                              = 8573157376                                {product} {ergonomic}
   size_t MaxNewSize                               = 5142216704                                {product} {ergonomic}
   size_t MinHeapDeltaBytes                        = 4194304                                   {product} {ergonomic}
   size_t MinHeapSize                              = 8388608                                   {product} {ergonomic}
    uintx NonNMethodCodeHeapSize                   = 7602480                                {pd product} {ergonomic}
    uintx NonProfiledCodeHeapSize                  = 122027880                              {pd product} {ergonomic}
    uintx ProfiledCodeHeapSize                     = 122027880                              {pd product} {ergonomic}
    uintx ReservedCodeCacheSize                    = 251658240                              {pd product} {ergonomic}
     bool SegmentedCodeCache                       = true                                      {product} {ergonomic}
   size_t SoftMaxHeapSize                          = 8573157376                             {manageable} {ergonomic}
     bool UseCompressedClassPointers               = true                           {product lp64_product} {ergonomic}
     bool UseCompressedOops                        = true                           {product lp64_product} {ergonomic}
     bool UseG1GC                                  = true                                      {product} {ergonomic}
     bool UseLargePagesIndividualAllocation        = false                                  {pd product} {ergonomic}

Logging:
Log output configuration:
 #0: stdout all=off uptime,level,tags foldmultilines=false
 #1: stderr all=off uptime,level,tags foldmultilines=false

Environment Variables:
PATH=C:\Program Files (x86)\Common Files\Intel\Shared Libraries\redist\intel64\compiler;C:\Program Files\Eclipse Adoptium\jdk-17.0.7.7-hotspot\bin;C:\VulkanSDK\1.3.216.0\Bin;C:\VulkanSDK\1.2.198.1\Bin;C:\Program Files (x86)\Common Files\Oracle\Java\javapath;C:\Windows\system32;C:\Windows;C:\Windows\System32\Wbem;C:\Windows\System32\WindowsPowerShell\v1.0\;C:\Windows\System32\OpenSSH\;C:\Program Files\dotnet\;C:\Program Files\Git\cmd;C:\Program Files\nodejs\;C:\Program Files\CMake\bin;C:\Program Files (x86)\NVIDIA Corporation\PhysX\Common;C:\WINDOWS\system32;C:\WINDOWS;C:\WINDOWS\System32\Wbem;C:\WINDOWS\System32\WindowsPowerShell\v1.0\;C:\WINDOWS\System32\OpenSSH\;C:\Program Files\PuTTY\;C:\Program Files\Perforce\;C:\Users\Logan\AppData\Local\Programs\Python\Python310\Scripts\;C:\Users\Logan\AppData\Local\Programs\Python\Python310\;C:\Users\Logan\AppData\Local\Microsoft\WindowsApps;C:\Users\Logan\AppData\Local\Programs\Microsoft VS Code\bin;C:\Users\Logan\.dotnet\tools;C:\Users\Logan\AppData\Roaming\npm;C:\msys64\mingw64\bin;C:\msys64\usr\bin;
USERNAME=Logan
OS=Windows_NT
PROCESSOR_IDENTIFIER=AMD64 Family 25 Model 33 Stepping 2, AuthenticAMD
TMP=C:\Users\Logan\AppData\Local\Temp
TEMP=C:\Users\Logan\AppData\Local\Temp




---------------  S Y S T E M  ---------------

OS:
 Windows 10 , 64 bit Build 19041 (10.0.19041.2913)
OS uptime: 0 days 4:26 hours

CPU: total 24 (initial active 24) (24 cores per cpu, 2 threads per core) family 25 model 33 stepping 2 microcode 0x0, cx8, cmov, fxsr, ht, mmx, 3dnowpref, sse, sse2, sse3, ssse3, sse4a, sse4.1, sse4.2, popcnt, lzcnt, tsc, tscinvbit, avx, avx2, aes, erms, clmul, bmi1, bmi2, adx, sha, fma, vzeroupper, clflush, clflushopt, rdtscp, rdpid, fsrm, f16c, pku, cet_ss

Memory: 4k page, system-wide physical 32693M (21498M free)
TotalPageFile size 34741M (AvailPageFile size 19134M)
current process WorkingSet (physical memory assigned to process): 160M, peak: 160M
current process commit charge ("private bytes"): 698M, peak: 699M

vm_info: OpenJDK 64-Bit Server VM (20.0.1+9-29) for windows-amd64 JRE (20.0.1+9-29), built on 2023-03-07T13:56:11Z by "mach5one" with MS VC++ 17.1 (VS2022)

END.
